#
# There is insufficient memory for the Java Runtime Environment to continue.
# Native memory allocation (malloc) failed to allocate 1042016 bytes for Chunk::new
# Possible reasons:
#   The system is out of physical RAM or swap space
#   The process is running with CompressedOops enabled, and the Java Heap may be blocking the growth of the native heap
# Possible solutions:
#   Reduce memory load on the system
#   Increase physical memory or swap space
#   Check if swap backing store is full
#   Decrease Java heap size (-Xmx/-Xms)
#   Decrease number of Java threads
#   Decrease Java thread stack sizes (-Xss)
#   Set larger code cache with -XX:ReservedCodeCacheSize=
#   JVM is running with Unscaled Compressed Oops mode in which the Java heap is
#     placed in the first 4GB address space. The Java Heap base address is the
#     maximum limit for the native heap growth. Please use -XX:HeapBaseMinAddress
#     to set the Java Heap base and to place the Java Heap above 4GB virtual address.
# This output file may be truncated or incomplete.
#
#  Out of Memory Error (./src/hotspot/share/memory/arena.cpp:197), pid=12208, tid=12556
#
# JRE version: OpenJDK Runtime Environment (11.0.13) (build 11.0.13+0-b1751.21-8125866)
# Java VM: OpenJDK 64-Bit Server VM (11.0.13+0-b1751.21-8125866, mixed mode, tiered, compressed oops, g1 gc, windows-amd64)
# No core dump will be written. Minidumps are not enabled by default on client versions of Windows
#

---------------  S U M M A R Y ------------

Command Line: --add-opens=java.base/java.util=ALL-UNNAMED --add-opens=java.base/java.lang=ALL-UNNAMED --add-opens=java.base/java.lang.invoke=ALL-UNNAMED --add-opens=java.base/java.util=ALL-UNNAMED --add-opens=java.prefs/java.util.prefs=ALL-UNNAMED --add-opens=java.prefs/java.util.prefs=ALL-UNNAMED --add-opens=java.base/java.nio.charset=ALL-UNNAMED --add-opens=java.base/java.net=ALL-UNNAMED --add-opens=java.base/java.util.concurrent.atomic=ALL-UNNAMED -Xmx2048m -Dfile.encoding=UTF-8 -Duser.country=AU -Duser.language=en -Duser.variant org.gradle.launcher.daemon.bootstrap.GradleDaemon 7.4

Host: Intel(R) Core(TM) i5-6200U CPU @ 2.30GHz, 4 cores, 7G,  Windows 10 , 64 bit Build 19041 (10.0.19041.3636)
Time: Sun May 12 18:26:28 2024 E. Africa Standard Time elapsed time: 368.100697 seconds (0d 0h 6m 8s)

---------------  T H R E A D  ---------------

Current thread (0x00000270f8b99000):  JavaThread "C2 CompilerThread0" daemon [_thread_in_native, id=12556, stack(0x0000007c4b900000,0x0000007c4ba00000)]


Current CompileTask:
C2: 368100 17704       4       org.gradle.tooling.internal.adapter.ProtocolToModelAdapter$SupportedPropertyInvoker::invoke (154 bytes)

Stack: [0x0000007c4b900000,0x0000007c4ba00000]
Native frames: (J=compiled Java code, j=interpreted, Vv=VM code, C=native code)
V  [jvm.dll+0x6100fa]
V  [jvm.dll+0x747090]
V  [jvm.dll+0x7486ad]
V  [jvm.dll+0x748d83]
V  [jvm.dll+0x24ab48]
V  [jvm.dll+0xc04dc]
V  [jvm.dll+0xc0a0c]
V  [jvm.dll+0x2bfab4]
V  [jvm.dll+0x524238]
V  [jvm.dll+0x20b193]
V  [jvm.dll+0x204ca0]
V  [jvm.dll+0x2023c2]
V  [jvm.dll+0x188e01]
V  [jvm.dll+0x21106b]
V  [jvm.dll+0x20f8c1]
V  [jvm.dll+0x70de0f]
V  [jvm.dll+0x706a75]
V  [jvm.dll+0x60ed66]
C  [ucrtbase.dll+0x21bb2]
C  [KERNEL32.DLL+0x17344]
C  [ntdll.dll+0x526b1]


---------------  P R O C E S S  ---------------

Threads class SMR info:
_java_thread_list=0x00000270fc0a8ac0, length=85, elements={
0x00000270edf76000, 0x00000270f8b74000, 0x00000270f8b78000, 0x00000270f9503800,
0x00000270f8b92000, 0x00000270f8b93800, 0x00000270f8b99000, 0x00000270f8b9e000,
0x00000270f8ba1800, 0x00000270f963e000, 0x00000270faf26000, 0x00000270fa8ba800,
0x00000270fa0ba000, 0x00000270faaa3000, 0x00000270faaa6000, 0x00000270faaa5800,
0x00000270faaa3800, 0x00000270faaa2000, 0x00000270fd550800, 0x00000270fd54d800,
0x00000270fd54f000, 0x00000270fd550000, 0x00000270fd552800, 0x00000270fd828800,
0x00000270fd82f000, 0x00000270fd833000, 0x000002708f632800, 0x000002708f63a000,
0x000002708f62d000, 0x000002708f62c000, 0x000002708f632000, 0x000002708f62e000,
0x000002708f62f800, 0x000002708f630800, 0x000002708f631000, 0x000002708f634800,
0x000002708f633800, 0x000002708f62e800, 0x000002708f637000, 0x000002708f638800,
0x000002708f63b000, 0x000002708f637800, 0x000002708f635000, 0x000002708f639800,
0x000002708f636000, 0x00000270fd826000, 0x00000270fd827000, 0x00000270fd824800,
0x00000270fd82a800, 0x00000270fd828000, 0x00000270fd829800, 0x00000270fd82b000,
0x00000270fd825800, 0x00000270fd82c000, 0x00000270fd82c800, 0x00000270fd82e800,
0x00000270fd831000, 0x00000270fd832800, 0x00000270fd82d800, 0x00000270fd831800,
0x00000270fd551800, 0x00000270fd54c800, 0x00000270fd555800, 0x00000270fd557000,
0x00000270fd553000, 0x00000270fd554000, 0x00000270fd558000, 0x00000270fd559800,
0x00000270fd55a800, 0x00000270fd555000, 0x00000270fd559000, 0x00000270fd556800,
0x00000270faaa4800, 0x00000270faaa0800, 0x00000270faaa7000, 0x00000270faaa1000,
0x00000270fd9e6800, 0x00000270fd9e9000, 0x00000270fd9ed000, 0x00000270fd9e7000,
0x00000270fd9e9800, 0x00000270fd9ea800, 0x00000270fd9eb000, 0x00000270fd9ef800,
0x00000270fa2bb000
}

Java Threads: ( => current thread )
  0x00000270edf76000 JavaThread "main" [_thread_blocked, id=10040, stack(0x0000007c4ad00000,0x0000007c4ae00000)]
  0x00000270f8b74000 JavaThread "Reference Handler" daemon [_thread_blocked, id=7668, stack(0x0000007c4b400000,0x0000007c4b500000)]
  0x00000270f8b78000 JavaThread "Finalizer" daemon [_thread_blocked, id=10748, stack(0x0000007c4b500000,0x0000007c4b600000)]
  0x00000270f9503800 JavaThread "Signal Dispatcher" daemon [_thread_blocked, id=14120, stack(0x0000007c4b600000,0x0000007c4b700000)]
  0x00000270f8b92000 JavaThread "Attach Listener" daemon [_thread_blocked, id=1724, stack(0x0000007c4b700000,0x0000007c4b800000)]
  0x00000270f8b93800 JavaThread "Service Thread" daemon [_thread_blocked, id=5536, stack(0x0000007c4b800000,0x0000007c4b900000)]
=>0x00000270f8b99000 JavaThread "C2 CompilerThread0" daemon [_thread_in_native, id=12556, stack(0x0000007c4b900000,0x0000007c4ba00000)]
  0x00000270f8b9e000 JavaThread "C1 CompilerThread0" daemon [_thread_blocked, id=14668, stack(0x0000007c4ba00000,0x0000007c4bb00000)]
  0x00000270f8ba1800 JavaThread "Sweeper thread" daemon [_thread_blocked, id=4112, stack(0x0000007c4bb00000,0x0000007c4bc00000)]
  0x00000270f963e000 JavaThread "Common-Cleaner" daemon [_thread_blocked, id=3080, stack(0x0000007c4bc00000,0x0000007c4bd00000)]
  0x00000270faf26000 JavaThread "Daemon health stats" [_thread_blocked, id=9572, stack(0x0000007c4be00000,0x0000007c4bf00000)]
  0x00000270fa8ba800 JavaThread "Incoming local TCP Connector on port 49462" [_thread_in_native, id=6704, stack(0x0000007c4c100000,0x0000007c4c200000)]
  0x00000270fa0ba000 JavaThread "Daemon periodic checks" [_thread_blocked, id=9864, stack(0x0000007c4c200000,0x0000007c4c300000)]
  0x00000270faaa3000 JavaThread "Cache worker for journal cache (C:\Users\User\.gradle\caches\journal-1)" [_thread_blocked, id=14104, stack(0x0000007c4cb00000,0x0000007c4cc00000)]
  0x00000270faaa6000 JavaThread "File lock request listener" [_thread_in_native, id=388, stack(0x0000007c4cc00000,0x0000007c4cd00000)]
  0x00000270faaa5800 JavaThread "Cache worker for file hash cache (C:\Users\User\.gradle\caches\7.4\fileHashes)" [_thread_blocked, id=9128, stack(0x0000007c4cd00000,0x0000007c4ce00000)]
  0x00000270faaa3800 JavaThread "File watcher server" daemon [_thread_in_native, id=13636, stack(0x0000007c4cf00000,0x0000007c4d000000)]
  0x00000270faaa2000 JavaThread "File watcher consumer" daemon [_thread_blocked, id=10492, stack(0x0000007c4d000000,0x0000007c4d100000)]
  0x00000270fd550800 JavaThread "Cache worker for execution history cache (C:\Users\User\.gradle\caches\7.4\executionHistory)" [_thread_blocked, id=9192, stack(0x0000007c4d500000,0x0000007c4d600000)]
  0x00000270fd54d800 JavaThread "jar transforms" [_thread_blocked, id=10444, stack(0x0000007c4d600000,0x0000007c4d700000)]
  0x00000270fd54f000 JavaThread "Cache worker for file content cache (C:\Users\User\.gradle\caches\7.4\fileContent)" [_thread_blocked, id=6828, stack(0x0000007c4d700000,0x0000007c4d800000)]
  0x00000270fd550000 JavaThread "jar transforms Thread 2" [_thread_blocked, id=10600, stack(0x0000007c4d800000,0x0000007c4d900000)]
  0x00000270fd552800 JavaThread "jar transforms Thread 3" [_thread_blocked, id=6040, stack(0x0000007c4ce00000,0x0000007c4cf00000)]
  0x00000270fd828800 JavaThread "jar transforms Thread 4" [_thread_blocked, id=15296, stack(0x0000007c50400000,0x0000007c50500000)]
  0x00000270fd82f000 JavaThread "Memory manager" [_thread_blocked, id=856, stack(0x0000007c50500000,0x0000007c50600000)]
  0x00000270fd833000 JavaThread "pool-3-thread-1" [_thread_blocked, id=6796, stack(0x0000007c50900000,0x0000007c50a00000)]
  0x000002708f632800 JavaThread "Cache worker for Java compile cache (C:\Users\User\.gradle\caches\7.4\javaCompile)" [_thread_blocked, id=6964, stack(0x0000007c51000000,0x0000007c51100000)]
  0x000002708f63a000 JavaThread "ForkJoinPool.commonPool-worker-5" daemon [_thread_blocked, id=3780, stack(0x0000007c51500000,0x0000007c51600000)]
  0x000002708f62d000 JavaThread "Daemon Thread 3" [_thread_blocked, id=11884, stack(0x0000007c4aa00000,0x0000007c4ab00000)]
  0x000002708f62c000 JavaThread "Handler for socket connection from /127.0.0.1:49462 to /127.0.0.1:51739" [_thread_in_native, id=11280, stack(0x0000007c4ac00000,0x0000007c4ad00000)]
  0x000002708f632000 JavaThread "Cancel handler" [_thread_blocked, id=5008, stack(0x0000007c4c300000,0x0000007c4c400000)]
  0x000002708f62e000 JavaThread "Daemon worker Thread 3" [_thread_in_vm, id=5728, stack(0x0000007c4c400000,0x0000007c4c500000)]
  0x000002708f62f800 JavaThread "Asynchronous log dispatcher for DefaultDaemonConnection: socket connection from /127.0.0.1:49462 to /127.0.0.1:51739" [_thread_blocked, id=6124, stack(0x0000007c4c500000,0x0000007c4c600000)]
  0x000002708f630800 JavaThread "Stdin handler" [_thread_blocked, id=8152, stack(0x0000007c4c600000,0x0000007c4c700000)]
  0x000002708f631000 JavaThread "Daemon client event forwarder" [_thread_blocked, id=1656, stack(0x0000007c4c700000,0x0000007c4c800000)]
  0x000002708f634800 JavaThread "Cache worker for checksums cache (C:\Users\User\AndroidStudioProjects\KMonsters\.gradle\7.4\checksums)" [_thread_blocked, id=13484, stack(0x0000007c4c900000,0x0000007c4ca00000)]
  0x000002708f633800 JavaThread "Cache worker for cache directory md-rule (C:\Users\User\.gradle\caches\7.4\md-rule)" [_thread_blocked, id=13016, stack(0x0000007c4d100000,0x0000007c4d200000)]
  0x000002708f62e800 JavaThread "Cache worker for file hash cache (C:\Users\User\AndroidStudioProjects\KMonsters\.gradle\7.4\fileHashes)" [_thread_blocked, id=5848, stack(0x0000007c4d200000,0x0000007c4d300000)]
  0x000002708f637000 JavaThread "Cache worker for cache directory md-supplier (C:\Users\User\.gradle\caches\7.4\md-supplier)" [_thread_blocked, id=7180, stack(0x0000007c4d300000,0x0000007c4d400000)]
  0x000002708f638800 JavaThread "Cache worker for dependencies-accessors (C:\Users\User\AndroidStudioProjects\KMonsters\.gradle\7.4\dependencies-accessors)" [_thread_blocked, id=9264, stack(0x0000007c4d400000,0x0000007c4d500000)]
  0x000002708f63b000 JavaThread "Cache worker for Build Output Cleanup Cache (C:\Users\User\AndroidStudioProjects\KMonsters\.gradle\buildOutputCleanup)" [_thread_blocked, id=13060, stack(0x0000007c4d900000,0x0000007c4da00000)]
  0x000002708f637800 JavaThread "Unconstrained build operations" [_thread_blocked, id=7064, stack(0x0000007c4da00000,0x0000007c4db00000)]
  0x000002708f635000 JavaThread "Unconstrained build operations Thread 2" [_thread_blocked, id=2668, stack(0x0000007c4db00000,0x0000007c4dc00000)]
  0x000002708f639800 JavaThread "Unconstrained build operations Thread 3" [_thread_blocked, id=8564, stack(0x0000007c4dc00000,0x0000007c4dd00000)]
  0x000002708f636000 JavaThread "Unconstrained build operations Thread 4" [_thread_blocked, id=4940, stack(0x0000007c4dd00000,0x0000007c4de00000)]
  0x00000270fd826000 JavaThread "Unconstrained build operations Thread 5" [_thread_blocked, id=10176, stack(0x0000007c4de00000,0x0000007c4df00000)]
  0x00000270fd827000 JavaThread "Unconstrained build operations Thread 6" [_thread_blocked, id=11680, stack(0x0000007c4df00000,0x0000007c4e000000)]
  0x00000270fd824800 JavaThread "Unconstrained build operations Thread 7" [_thread_blocked, id=10700, stack(0x0000007c4e000000,0x0000007c4e100000)]
  0x00000270fd82a800 JavaThread "Unconstrained build operations Thread 8" [_thread_blocked, id=1580, stack(0x0000007c4e100000,0x0000007c4e200000)]
  0x00000270fd828000 JavaThread "Unconstrained build operations Thread 9" [_thread_blocked, id=10720, stack(0x0000007c4e200000,0x0000007c4e300000)]
  0x00000270fd829800 JavaThread "Unconstrained build operations Thread 10" [_thread_blocked, id=4696, stack(0x0000007c4e300000,0x0000007c4e400000)]
  0x00000270fd82b000 JavaThread "Unconstrained build operations Thread 11" [_thread_blocked, id=13424, stack(0x0000007c4e400000,0x0000007c4e500000)]
  0x00000270fd825800 JavaThread "Unconstrained build operations Thread 12" [_thread_blocked, id=10192, stack(0x0000007c4e500000,0x0000007c4e600000)]
  0x00000270fd82c000 JavaThread "Unconstrained build operations Thread 13" [_thread_blocked, id=14880, stack(0x0000007c4e600000,0x0000007c4e700000)]
  0x00000270fd82c800 JavaThread "Unconstrained build operations Thread 14" [_thread_blocked, id=9312, stack(0x0000007c4e700000,0x0000007c4e800000)]
  0x00000270fd82e800 JavaThread "Unconstrained build operations Thread 15" [_thread_blocked, id=13640, stack(0x0000007c4e800000,0x0000007c4e900000)]
  0x00000270fd831000 JavaThread "Unconstrained build operations Thread 16" [_thread_blocked, id=5788, stack(0x0000007c4e900000,0x0000007c4ea00000)]
  0x00000270fd832800 JavaThread "Unconstrained build operations Thread 17" [_thread_blocked, id=2112, stack(0x0000007c4ea00000,0x0000007c4eb00000)]
  0x00000270fd82d800 JavaThread "Unconstrained build operations Thread 18" [_thread_blocked, id=10756, stack(0x0000007c4eb00000,0x0000007c4ec00000)]
  0x00000270fd831800 JavaThread "Unconstrained build operations Thread 19" [_thread_blocked, id=13264, stack(0x0000007c4ec00000,0x0000007c4ed00000)]
  0x00000270fd551800 JavaThread "Unconstrained build operations Thread 20" [_thread_blocked, id=8560, stack(0x0000007c4ed00000,0x0000007c4ee00000)]
  0x00000270fd54c800 JavaThread "Unconstrained build operations Thread 21" [_thread_blocked, id=7388, stack(0x0000007c4ee00000,0x0000007c4ef00000)]
  0x00000270fd555800 JavaThread "Unconstrained build operations Thread 22" [_thread_blocked, id=6440, stack(0x0000007c4ef00000,0x0000007c4f000000)]
  0x00000270fd557000 JavaThread "Unconstrained build operations Thread 23" [_thread_blocked, id=14328, stack(0x0000007c4f000000,0x0000007c4f100000)]
  0x00000270fd553000 JavaThread "Unconstrained build operations Thread 24" [_thread_blocked, id=15052, stack(0x0000007c4f100000,0x0000007c4f200000)]
  0x00000270fd554000 JavaThread "Unconstrained build operations Thread 25" [_thread_blocked, id=2804, stack(0x0000007c4f200000,0x0000007c4f300000)]
  0x00000270fd558000 JavaThread "Unconstrained build operations Thread 26" [_thread_blocked, id=13480, stack(0x0000007c4f300000,0x0000007c4f400000)]
  0x00000270fd559800 JavaThread "Unconstrained build operations Thread 27" [_thread_blocked, id=1628, stack(0x0000007c4f400000,0x0000007c4f500000)]
  0x00000270fd55a800 JavaThread "Unconstrained build operations Thread 28" [_thread_blocked, id=13824, stack(0x0000007c4f500000,0x0000007c4f600000)]
  0x00000270fd555000 JavaThread "Unconstrained build operations Thread 29" [_thread_blocked, id=2320, stack(0x0000007c4f600000,0x0000007c4f700000)]
  0x00000270fd559000 JavaThread "Unconstrained build operations Thread 30" [_thread_blocked, id=7132, stack(0x0000007c4f700000,0x0000007c4f800000)]
  0x00000270fd556800 JavaThread "Unconstrained build operations Thread 31" [_thread_blocked, id=9328, stack(0x0000007c4f800000,0x0000007c4f900000)]
  0x00000270faaa4800 JavaThread "Unconstrained build operations Thread 32" [_thread_blocked, id=13648, stack(0x0000007c4f900000,0x0000007c4fa00000)]
  0x00000270faaa0800 JavaThread "Unconstrained build operations Thread 33" [_thread_blocked, id=10400, stack(0x0000007c4fa00000,0x0000007c4fb00000)]
  0x00000270faaa7000 JavaThread "Unconstrained build operations Thread 34" [_thread_blocked, id=11768, stack(0x0000007c4fb00000,0x0000007c4fc00000)]
  0x00000270faaa1000 JavaThread "Unconstrained build operations Thread 35" [_thread_blocked, id=9792, stack(0x0000007c4fc00000,0x0000007c4fd00000)]
  0x00000270fd9e6800 JavaThread "Unconstrained build operations Thread 36" [_thread_blocked, id=2032, stack(0x0000007c4fd00000,0x0000007c4fe00000)]
  0x00000270fd9e9000 JavaThread "Unconstrained build operations Thread 37" [_thread_blocked, id=12608, stack(0x0000007c4fe00000,0x0000007c4ff00000)]
  0x00000270fd9ed000 JavaThread "Unconstrained build operations Thread 38" [_thread_blocked, id=10996, stack(0x0000007c4ff00000,0x0000007c50000000)]
  0x00000270fd9e7000 JavaThread "Unconstrained build operations Thread 39" [_thread_blocked, id=6600, stack(0x0000007c50000000,0x0000007c50100000)]
  0x00000270fd9e9800 JavaThread "Unconstrained build operations Thread 40" [_thread_blocked, id=6476, stack(0x0000007c50100000,0x0000007c50200000)]
  0x00000270fd9ea800 JavaThread "pool-8-thread-1" [_thread_blocked, id=12444, stack(0x0000007c50200000,0x0000007c50300000)]
  0x00000270fd9eb000 JavaThread "included builds" [_thread_blocked, id=3268, stack(0x0000007c50300000,0x0000007c50400000)]
  0x00000270fd9ef800 JavaThread "Cache worker for execution history cache (C:\Users\User\AndroidStudioProjects\KMonsters\.gradle\7.4\executionHistory)" [_thread_blocked, id=7964, stack(0x0000007c50a00000,0x0000007c50b00000)]
  0x00000270fa2bb000 JavaThread "C2 CompilerThread1" daemon [_thread_in_native, id=1196, stack(0x0000007c4c800000,0x0000007c4c900000)]

Other Threads:
  0x00000270f8b71800 VMThread "VM Thread" [stack: 0x0000007c4b300000,0x0000007c4b400000] [id=13188]
  0x00000270f967b000 WatcherThread [stack: 0x0000007c4bd00000,0x0000007c4be00000] [id=10504]
  0x00000270edf8f000 GCTaskThread "GC Thread#0" [stack: 0x0000007c4ae00000,0x0000007c4af00000] [id=4912]
  0x00000270f9b00800 GCTaskThread "GC Thread#1" [stack: 0x0000007c4bf00000,0x0000007c4c000000] [id=14992]
  0x00000270f9b97000 GCTaskThread "GC Thread#2" [stack: 0x0000007c4c000000,0x0000007c4c100000] [id=13828]
  0x00000270fa64b800 GCTaskThread "GC Thread#3" [stack: 0x0000007c4ca00000,0x0000007c4cb00000] [id=3188]
  0x00000270edfbf000 ConcurrentGCThread "G1 Main Marker" [stack: 0x0000007c4af00000,0x0000007c4b000000] [id=13416]
  0x00000270edfc1000 ConcurrentGCThread "G1 Conc#0" [stack: 0x0000007c4b000000,0x0000007c4b100000] [id=6256]
  0x00000270f89c0800 ConcurrentGCThread "G1 Refine#0" [stack: 0x0000007c4b100000,0x0000007c4b200000] [id=5756]
  0x00000270f89c1000 ConcurrentGCThread "G1 Young RemSet Sampling" [stack: 0x0000007c4b200000,0x0000007c4b300000] [id=14696]

Threads with active compile tasks:
C2 CompilerThread0 368193 17704       4       org.gradle.tooling.internal.adapter.ProtocolToModelAdapter$SupportedPropertyInvoker::invoke (154 bytes)
C2 CompilerThread1 368193 17693       4       org.gradle.tooling.internal.adapter.ProtocolToModelAdapter$InvocationHandlerImpl::invoke (176 bytes)

VM state:not at safepoint (normal execution)

VM Mutex/Monitor currently owned by a thread: None

Heap address: 0x0000000080000000, size: 2048 MB, Compressed Oops mode: 32-bit
Narrow klass base: 0x0000000000000000, Narrow klass shift: 3
Compressed class space size: 1073741824 Address: 0x0000000100000000

Heap:
 garbage-first heap   total 305152K, used 213020K [0x0000000080000000, 0x0000000100000000)
  region size 1024K, 26 young (26624K), 2 survivors (2048K)
 Metaspace       used 142051K, capacity 146121K, committed 146336K, reserved 1175552K
  class space    used 18076K, capacity 19554K, committed 19660K, reserved 1048576K
Heap Regions: E=young(eden), S=young(survivor), O=old, HS=humongous(starts), HC=humongous(continues), CS=collection set, F=free, A=archive, TAMS=top-at-mark-start (previous, next)
|   0|0x0000000080000000, 0x0000000080100000, 0x0000000080100000|100%|HS|  |TAMS 0x0000000080100000, 0x0000000080000000| Complete 
|   1|0x0000000080100000, 0x0000000080200000, 0x0000000080200000|100%|HC|  |TAMS 0x0000000080200000, 0x0000000080100000| Complete 
|   2|0x0000000080200000, 0x0000000080300000, 0x0000000080300000|100%|HC|  |TAMS 0x0000000080300000, 0x0000000080200000| Complete 
|   3|0x0000000080300000, 0x0000000080400000, 0x0000000080400000|100%| O|  |TAMS 0x0000000080400000, 0x0000000080300000| Untracked 
|   4|0x0000000080400000, 0x0000000080500000, 0x0000000080500000|100%| O|  |TAMS 0x0000000080500000, 0x0000000080400000| Untracked 
|   5|0x0000000080500000, 0x0000000080600000, 0x0000000080600000|100%| O|  |TAMS 0x0000000080600000, 0x0000000080500000| Untracked 
|   6|0x0000000080600000, 0x0000000080700000, 0x0000000080700000|100%| O|  |TAMS 0x0000000080700000, 0x0000000080600000| Untracked 
|   7|0x0000000080700000, 0x0000000080800000, 0x0000000080800000|100%| O|  |TAMS 0x0000000080800000, 0x0000000080700000| Untracked 
|   8|0x0000000080800000, 0x0000000080900000, 0x0000000080900000|100%| O|  |TAMS 0x0000000080900000, 0x0000000080800000| Untracked 
|   9|0x0000000080900000, 0x0000000080a00000, 0x0000000080a00000|100%| O|  |TAMS 0x0000000080a00000, 0x0000000080900000| Untracked 
|  10|0x0000000080a00000, 0x0000000080b00000, 0x0000000080b00000|100%| O|  |TAMS 0x0000000080b00000, 0x0000000080a00000| Untracked 
|  11|0x0000000080b00000, 0x0000000080c00000, 0x0000000080c00000|100%| O|  |TAMS 0x0000000080c00000, 0x0000000080b00000| Untracked 
|  12|0x0000000080c00000, 0x0000000080d00000, 0x0000000080d00000|100%| O|  |TAMS 0x0000000080d00000, 0x0000000080c00000| Untracked 
|  13|0x0000000080d00000, 0x0000000080e00000, 0x0000000080e00000|100%| O|  |TAMS 0x0000000080e00000, 0x0000000080d00000| Untracked 
|  14|0x0000000080e00000, 0x0000000080f00000, 0x0000000080f00000|100%| O|  |TAMS 0x0000000080f00000, 0x0000000080e00000| Untracked 
|  15|0x0000000080f00000, 0x0000000081000000, 0x0000000081000000|100%| O|  |TAMS 0x0000000081000000, 0x0000000080f00000| Untracked 
|  16|0x0000000081000000, 0x0000000081100000, 0x0000000081100000|100%| O|  |TAMS 0x0000000081100000, 0x0000000081000000| Untracked 
|  17|0x0000000081100000, 0x0000000081200000, 0x0000000081200000|100%|HS|  |TAMS 0x0000000081200000, 0x0000000081100000| Complete 
|  18|0x0000000081200000, 0x0000000081300000, 0x0000000081300000|100%| O|  |TAMS 0x0000000081300000, 0x0000000081200000| Untracked 
|  19|0x0000000081300000, 0x0000000081400000, 0x0000000081400000|100%| O|  |TAMS 0x0000000081400000, 0x0000000081300000| Untracked 
|  20|0x0000000081400000, 0x0000000081500000, 0x0000000081500000|100%| O|  |TAMS 0x0000000081500000, 0x0000000081400000| Untracked 
|  21|0x0000000081500000, 0x0000000081600000, 0x0000000081600000|100%| O|  |TAMS 0x0000000081600000, 0x0000000081500000| Untracked 
|  22|0x0000000081600000, 0x0000000081700000, 0x0000000081700000|100%| O|  |TAMS 0x0000000081700000, 0x0000000081600000| Untracked 
|  23|0x0000000081700000, 0x0000000081800000, 0x0000000081800000|100%|HS|  |TAMS 0x0000000081800000, 0x0000000081700000| Complete 
|  24|0x0000000081800000, 0x0000000081900000, 0x0000000081900000|100%| O|  |TAMS 0x0000000081900000, 0x0000000081800000| Untracked 
|  25|0x0000000081900000, 0x0000000081a00000, 0x0000000081a00000|100%| O|  |TAMS 0x0000000081a00000, 0x0000000081900000| Untracked 
|  26|0x0000000081a00000, 0x0000000081b00000, 0x0000000081b00000|100%| O|  |TAMS 0x0000000081b00000, 0x0000000081a00000| Untracked 
|  27|0x0000000081b00000, 0x0000000081c00000, 0x0000000081c00000|100%| O|  |TAMS 0x0000000081c00000, 0x0000000081b00000| Untracked 
|  28|0x0000000081c00000, 0x0000000081d00000, 0x0000000081d00000|100%| O|  |TAMS 0x0000000081d00000, 0x0000000081c00000| Untracked 
|  29|0x0000000081d00000, 0x0000000081e00000, 0x0000000081e00000|100%| O|  |TAMS 0x0000000081e00000, 0x0000000081d00000| Untracked 
|  30|0x0000000081e00000, 0x0000000081f00000, 0x0000000081f00000|100%|HS|  |TAMS 0x0000000081f00000, 0x0000000081e00000| Complete 
|  31|0x0000000081f00000, 0x0000000082000000, 0x0000000082000000|100%|HC|  |TAMS 0x0000000082000000, 0x0000000081f00000| Complete 
|  32|0x0000000082000000, 0x0000000082100000, 0x0000000082100000|100%| O|  |TAMS 0x0000000082100000, 0x0000000082000000| Untracked 
|  33|0x0000000082100000, 0x0000000082200000, 0x0000000082200000|100%| O|  |TAMS 0x0000000082200000, 0x0000000082100000| Untracked 
|  34|0x0000000082200000, 0x0000000082300000, 0x0000000082300000|100%| O|  |TAMS 0x0000000082300000, 0x0000000082200000| Untracked 
|  35|0x0000000082300000, 0x0000000082400000, 0x0000000082400000|100%| O|  |TAMS 0x0000000082400000, 0x0000000082300000| Untracked 
|  36|0x0000000082400000, 0x0000000082500000, 0x0000000082500000|100%| O|  |TAMS 0x0000000082500000, 0x0000000082400000| Untracked 
|  37|0x0000000082500000, 0x0000000082600000, 0x0000000082600000|100%| O|  |TAMS 0x0000000082600000, 0x0000000082500000| Untracked 
|  38|0x0000000082600000, 0x0000000082700000, 0x0000000082700000|100%| O|  |TAMS 0x0000000082700000, 0x0000000082600000| Untracked 
|  39|0x0000000082700000, 0x0000000082800000, 0x0000000082800000|100%| O|  |TAMS 0x0000000082800000, 0x0000000082700000| Untracked 
|  40|0x0000000082800000, 0x0000000082900000, 0x0000000082900000|100%|HS|  |TAMS 0x0000000082900000, 0x0000000082800000| Complete 
|  41|0x0000000082900000, 0x0000000082a00000, 0x0000000082a00000|100%| O|  |TAMS 0x0000000082a00000, 0x0000000082900000| Untracked 
|  42|0x0000000082a00000, 0x0000000082b00000, 0x0000000082b00000|100%| O|  |TAMS 0x0000000082b00000, 0x0000000082a00000| Untracked 
|  43|0x0000000082b00000, 0x0000000082c00000, 0x0000000082c00000|100%| O|  |TAMS 0x0000000082c00000, 0x0000000082b00000| Untracked 
|  44|0x0000000082c00000, 0x0000000082d00000, 0x0000000082d00000|100%| O|  |TAMS 0x0000000082d00000, 0x0000000082c00000| Untracked 
|  45|0x0000000082d00000, 0x0000000082e00000, 0x0000000082e00000|100%| O|  |TAMS 0x0000000082e00000, 0x0000000082d00000| Untracked 
|  46|0x0000000082e00000, 0x0000000082f00000, 0x0000000082f00000|100%| O|  |TAMS 0x0000000082f00000, 0x0000000082e00000| Untracked 
|  47|0x0000000082f00000, 0x0000000083000000, 0x0000000083000000|100%| O|  |TAMS 0x0000000083000000, 0x0000000082f00000| Untracked 
|  48|0x0000000083000000, 0x0000000083100000, 0x0000000083100000|100%| O|  |TAMS 0x0000000083100000, 0x0000000083000000| Untracked 
|  49|0x0000000083100000, 0x0000000083200000, 0x0000000083200000|100%| O|  |TAMS 0x0000000083200000, 0x0000000083100000| Untracked 
|  50|0x0000000083200000, 0x0000000083300000, 0x0000000083300000|100%| O|  |TAMS 0x0000000083300000, 0x0000000083200000| Untracked 
|  51|0x0000000083300000, 0x0000000083400000, 0x0000000083400000|100%| O|  |TAMS 0x0000000083400000, 0x0000000083300000| Untracked 
|  52|0x0000000083400000, 0x0000000083500000, 0x0000000083500000|100%| O|  |TAMS 0x0000000083500000, 0x0000000083400000| Untracked 
|  53|0x0000000083500000, 0x0000000083600000, 0x0000000083600000|100%| O|  |TAMS 0x0000000083600000, 0x0000000083500000| Untracked 
|  54|0x0000000083600000, 0x0000000083700000, 0x0000000083700000|100%| O|  |TAMS 0x0000000083700000, 0x0000000083600000| Untracked 
|  55|0x0000000083700000, 0x0000000083800000, 0x0000000083800000|100%| O|  |TAMS 0x0000000083800000, 0x0000000083700000| Untracked 
|  56|0x0000000083800000, 0x0000000083900000, 0x0000000083900000|100%| O|  |TAMS 0x0000000083900000, 0x0000000083800000| Untracked 
|  57|0x0000000083900000, 0x0000000083a00000, 0x0000000083a00000|100%| O|  |TAMS 0x0000000083a00000, 0x0000000083900000| Untracked 
|  58|0x0000000083a00000, 0x0000000083b00000, 0x0000000083b00000|100%| O|  |TAMS 0x0000000083b00000, 0x0000000083a00000| Untracked 
|  59|0x0000000083b00000, 0x0000000083c00000, 0x0000000083c00000|100%| O|  |TAMS 0x0000000083c00000, 0x0000000083b00000| Untracked 
|  60|0x0000000083c00000, 0x0000000083d00000, 0x0000000083d00000|100%| O|  |TAMS 0x0000000083d00000, 0x0000000083c00000| Untracked 
|  61|0x0000000083d00000, 0x0000000083e00000, 0x0000000083e00000|100%| O|  |TAMS 0x0000000083e00000, 0x0000000083d00000| Untracked 
|  62|0x0000000083e00000, 0x0000000083f00000, 0x0000000083f00000|100%| O|  |TAMS 0x0000000083f00000, 0x0000000083e00000| Untracked 
|  63|0x0000000083f00000, 0x0000000084000000, 0x0000000084000000|100%| O|  |TAMS 0x0000000084000000, 0x0000000083f00000| Untracked 
|  64|0x0000000084000000, 0x0000000084100000, 0x0000000084100000|100%| O|  |TAMS 0x0000000084100000, 0x0000000084000000| Untracked 
|  65|0x0000000084100000, 0x0000000084200000, 0x0000000084200000|100%| O|  |TAMS 0x0000000084200000, 0x0000000084100000| Untracked 
|  66|0x0000000084200000, 0x0000000084300000, 0x0000000084300000|100%| O|  |TAMS 0x0000000084300000, 0x0000000084200000| Untracked 
|  67|0x0000000084300000, 0x0000000084400000, 0x0000000084400000|100%| O|  |TAMS 0x0000000084400000, 0x0000000084300000| Untracked 
|  68|0x0000000084400000, 0x0000000084500000, 0x0000000084500000|100%| O|  |TAMS 0x0000000084500000, 0x0000000084400000| Untracked 
|  69|0x0000000084500000, 0x0000000084600000, 0x0000000084600000|100%| O|  |TAMS 0x0000000084600000, 0x0000000084500000| Untracked 
|  70|0x0000000084600000, 0x0000000084700000, 0x0000000084700000|100%| O|  |TAMS 0x0000000084700000, 0x0000000084600000| Untracked 
|  71|0x0000000084700000, 0x0000000084800000, 0x0000000084800000|100%| O|  |TAMS 0x0000000084800000, 0x0000000084700000| Untracked 
|  72|0x0000000084800000, 0x0000000084900000, 0x0000000084900000|100%| O|  |TAMS 0x0000000084900000, 0x0000000084800000| Untracked 
|  73|0x0000000084900000, 0x0000000084a00000, 0x0000000084a00000|100%| O|  |TAMS 0x0000000084a00000, 0x0000000084900000| Untracked 
|  74|0x0000000084a00000, 0x0000000084b00000, 0x0000000084b00000|100%| O|  |TAMS 0x0000000084b00000, 0x0000000084a00000| Untracked 
|  75|0x0000000084b00000, 0x0000000084c00000, 0x0000000084c00000|100%| O|  |TAMS 0x0000000084c00000, 0x0000000084b00000| Untracked 
|  76|0x0000000084c00000, 0x0000000084d00000, 0x0000000084d00000|100%| O|  |TAMS 0x0000000084d00000, 0x0000000084c00000| Untracked 
|  77|0x0000000084d00000, 0x0000000084e00000, 0x0000000084e00000|100%| O|  |TAMS 0x0000000084e00000, 0x0000000084d00000| Untracked 
|  78|0x0000000084e00000, 0x0000000084f00000, 0x0000000084f00000|100%| O|  |TAMS 0x0000000084f00000, 0x0000000084e00000| Untracked 
|  79|0x0000000084f00000, 0x0000000085000000, 0x0000000085000000|100%| O|  |TAMS 0x0000000085000000, 0x0000000084f00000| Untracked 
|  80|0x0000000085000000, 0x0000000085100000, 0x0000000085100000|100%| O|  |TAMS 0x0000000085100000, 0x0000000085000000| Untracked 
|  81|0x0000000085100000, 0x0000000085200000, 0x0000000085200000|100%| O|  |TAMS 0x0000000085200000, 0x0000000085100000| Untracked 
|  82|0x0000000085200000, 0x0000000085300000, 0x0000000085300000|100%| O|  |TAMS 0x0000000085300000, 0x0000000085200000| Untracked 
|  83|0x0000000085300000, 0x0000000085400000, 0x0000000085400000|100%| O|  |TAMS 0x0000000085400000, 0x0000000085300000| Untracked 
|  84|0x0000000085400000, 0x0000000085500000, 0x0000000085500000|100%| O|  |TAMS 0x0000000085500000, 0x0000000085400000| Untracked 
|  85|0x0000000085500000, 0x0000000085600000, 0x0000000085600000|100%| O|  |TAMS 0x0000000085600000, 0x0000000085500000| Untracked 
|  86|0x0000000085600000, 0x0000000085700000, 0x0000000085700000|100%| O|  |TAMS 0x0000000085700000, 0x0000000085600000| Untracked 
|  87|0x0000000085700000, 0x0000000085800000, 0x0000000085800000|100%| O|  |TAMS 0x0000000085800000, 0x0000000085700000| Untracked 
|  88|0x0000000085800000, 0x0000000085900000, 0x0000000085900000|100%|HS|  |TAMS 0x0000000085900000, 0x0000000085800000| Complete 
|  89|0x0000000085900000, 0x0000000085a00000, 0x0000000085a00000|100%|HC|  |TAMS 0x0000000085a00000, 0x0000000085900000| Complete 
|  90|0x0000000085a00000, 0x0000000085b00000, 0x0000000085b00000|100%|HS|  |TAMS 0x0000000085b00000, 0x0000000085a00000| Complete 
|  91|0x0000000085b00000, 0x0000000085c00000, 0x0000000085c00000|100%| O|  |TAMS 0x0000000085c00000, 0x0000000085b00000| Untracked 
|  92|0x0000000085c00000, 0x0000000085d00000, 0x0000000085d00000|100%| O|  |TAMS 0x0000000085d00000, 0x0000000085c00000| Untracked 
|  93|0x0000000085d00000, 0x0000000085e00000, 0x0000000085e00000|100%| O|  |TAMS 0x0000000085e00000, 0x0000000085d00000| Untracked 
|  94|0x0000000085e00000, 0x0000000085f00000, 0x0000000085f00000|100%| O|  |TAMS 0x0000000085f00000, 0x0000000085e00000| Untracked 
|  95|0x0000000085f00000, 0x0000000086000000, 0x0000000086000000|100%| O|  |TAMS 0x0000000086000000, 0x0000000085f00000| Untracked 
|  96|0x0000000086000000, 0x0000000086100000, 0x0000000086100000|100%| O|  |TAMS 0x0000000086100000, 0x0000000086000000| Untracked 
|  97|0x0000000086100000, 0x0000000086200000, 0x0000000086200000|100%| O|  |TAMS 0x0000000086200000, 0x0000000086100000| Untracked 
|  98|0x0000000086200000, 0x0000000086300000, 0x0000000086300000|100%| O|  |TAMS 0x0000000086300000, 0x0000000086200000| Untracked 
|  99|0x0000000086300000, 0x0000000086400000, 0x0000000086400000|100%| O|  |TAMS 0x0000000086400000, 0x0000000086300000| Untracked 
| 100|0x0000000086400000, 0x0000000086500000, 0x0000000086500000|100%|HS|  |TAMS 0x0000000086500000, 0x0000000086400000| Complete 
| 101|0x0000000086500000, 0x0000000086600000, 0x0000000086600000|100%|HC|  |TAMS 0x0000000086600000, 0x0000000086500000| Complete 
| 102|0x0000000086600000, 0x0000000086700000, 0x0000000086700000|100%|HS|  |TAMS 0x0000000086700000, 0x0000000086600000| Complete 
| 103|0x0000000086700000, 0x0000000086800000, 0x0000000086800000|100%|HC|  |TAMS 0x0000000086800000, 0x0000000086700000| Complete 
| 104|0x0000000086800000, 0x0000000086900000, 0x0000000086900000|100%|HC|  |TAMS 0x0000000086900000, 0x0000000086800000| Complete 
| 105|0x0000000086900000, 0x0000000086a00000, 0x0000000086a00000|100%|HS|  |TAMS 0x0000000086a00000, 0x0000000086900000| Complete 
| 106|0x0000000086a00000, 0x0000000086b00000, 0x0000000086b00000|100%|HC|  |TAMS 0x0000000086b00000, 0x0000000086a00000| Complete 
| 107|0x0000000086b00000, 0x0000000086c00000, 0x0000000086c00000|100%|HC|  |TAMS 0x0000000086c00000, 0x0000000086b00000| Complete 
| 108|0x0000000086c00000, 0x0000000086d00000, 0x0000000086d00000|100%|HS|  |TAMS 0x0000000086d00000, 0x0000000086c00000| Complete 
| 109|0x0000000086d00000, 0x0000000086e00000, 0x0000000086e00000|100%|HC|  |TAMS 0x0000000086e00000, 0x0000000086d00000| Complete 
| 110|0x0000000086e00000, 0x0000000086f00000, 0x0000000086f00000|100%|HC|  |TAMS 0x0000000086f00000, 0x0000000086e00000| Complete 
| 111|0x0000000086f00000, 0x0000000087000000, 0x0000000087000000|100%|HC|  |TAMS 0x0000000087000000, 0x0000000086f00000| Complete 
| 112|0x0000000087000000, 0x0000000087100000, 0x0000000087100000|100%|HS|  |TAMS 0x0000000087100000, 0x0000000087000000| Complete 
| 113|0x0000000087100000, 0x0000000087200000, 0x0000000087200000|100%|HC|  |TAMS 0x0000000087200000, 0x0000000087100000| Complete 
| 114|0x0000000087200000, 0x0000000087300000, 0x0000000087300000|100%|HC|  |TAMS 0x0000000087300000, 0x0000000087200000| Complete 
| 115|0x0000000087300000, 0x0000000087400000, 0x0000000087400000|100%|HC|  |TAMS 0x0000000087400000, 0x0000000087300000| Complete 
| 116|0x0000000087400000, 0x0000000087500000, 0x0000000087500000|100%|HC|  |TAMS 0x0000000087500000, 0x0000000087400000| Complete 
| 117|0x0000000087500000, 0x0000000087600000, 0x0000000087600000|100%|HS|  |TAMS 0x0000000087600000, 0x0000000087500000| Complete 
| 118|0x0000000087600000, 0x0000000087700000, 0x0000000087700000|100%|HC|  |TAMS 0x0000000087700000, 0x0000000087600000| Complete 
| 119|0x0000000087700000, 0x0000000087800000, 0x0000000087800000|100%|HC|  |TAMS 0x0000000087800000, 0x0000000087700000| Complete 
| 120|0x0000000087800000, 0x0000000087900000, 0x0000000087900000|100%|HC|  |TAMS 0x0000000087900000, 0x0000000087800000| Complete 
| 121|0x0000000087900000, 0x0000000087a00000, 0x0000000087a00000|100%|HS|  |TAMS 0x0000000087a00000, 0x0000000087900000| Complete 
| 122|0x0000000087a00000, 0x0000000087b00000, 0x0000000087b00000|100%|HC|  |TAMS 0x0000000087b00000, 0x0000000087a00000| Complete 
| 123|0x0000000087b00000, 0x0000000087c00000, 0x0000000087c00000|100%|HC|  |TAMS 0x0000000087c00000, 0x0000000087b00000| Complete 
| 124|0x0000000087c00000, 0x0000000087d00000, 0x0000000087d00000|100%|HS|  |TAMS 0x0000000087d00000, 0x0000000087c00000| Complete 
| 125|0x0000000087d00000, 0x0000000087e00000, 0x0000000087e00000|100%|HC|  |TAMS 0x0000000087e00000, 0x0000000087d00000| Complete 
| 126|0x0000000087e00000, 0x0000000087f00000, 0x0000000087f00000|100%|HS|  |TAMS 0x0000000087f00000, 0x0000000087e00000| Complete 
| 127|0x0000000087f00000, 0x0000000088000000, 0x0000000088000000|100%|HC|  |TAMS 0x0000000088000000, 0x0000000087f00000| Complete 
| 128|0x0000000088000000, 0x0000000088100000, 0x0000000088100000|100%|HC|  |TAMS 0x0000000088100000, 0x0000000088000000| Complete 
| 129|0x0000000088100000, 0x0000000088200000, 0x0000000088200000|100%| O|  |TAMS 0x0000000088200000, 0x0000000088100000| Untracked 
| 130|0x0000000088200000, 0x0000000088300000, 0x0000000088300000|100%| O|  |TAMS 0x0000000088300000, 0x0000000088200000| Untracked 
| 131|0x0000000088300000, 0x0000000088400000, 0x0000000088400000|100%| O|  |TAMS 0x0000000088400000, 0x0000000088300000| Untracked 
| 132|0x0000000088400000, 0x0000000088500000, 0x0000000088500000|100%|HS|  |TAMS 0x0000000088500000, 0x0000000088400000| Complete 
| 133|0x0000000088500000, 0x0000000088600000, 0x0000000088600000|100%|HC|  |TAMS 0x0000000088600000, 0x0000000088500000| Complete 
| 134|0x0000000088600000, 0x0000000088700000, 0x0000000088700000|100%|HC|  |TAMS 0x0000000088700000, 0x0000000088600000| Complete 
| 135|0x0000000088700000, 0x0000000088800000, 0x0000000088800000|100%|HC|  |TAMS 0x0000000088800000, 0x0000000088700000| Complete 
| 136|0x0000000088800000, 0x0000000088900000, 0x0000000088900000|100%|HC|  |TAMS 0x0000000088900000, 0x0000000088800000| Complete 
| 137|0x0000000088900000, 0x0000000088a00000, 0x0000000088a00000|100%| O|  |TAMS 0x0000000088a00000, 0x0000000088900000| Untracked 
| 138|0x0000000088a00000, 0x0000000088b00000, 0x0000000088b00000|100%| O|  |TAMS 0x0000000088b00000, 0x0000000088a00000| Untracked 
| 139|0x0000000088b00000, 0x0000000088c00000, 0x0000000088c00000|100%| O|  |TAMS 0x0000000088c00000, 0x0000000088b00000| Untracked 
| 140|0x0000000088c00000, 0x0000000088d00000, 0x0000000088d00000|100%| O|  |TAMS 0x0000000088d00000, 0x0000000088c00000| Untracked 
| 141|0x0000000088d00000, 0x0000000088e00000, 0x0000000088e00000|100%| O|  |TAMS 0x0000000088e00000, 0x0000000088d00000| Untracked 
| 142|0x0000000088e00000, 0x0000000088f00000, 0x0000000088f00000|100%| O|  |TAMS 0x0000000088f00000, 0x0000000088e00000| Untracked 
| 143|0x0000000088f00000, 0x0000000089000000, 0x0000000089000000|100%| O|  |TAMS 0x0000000089000000, 0x0000000088f00000| Untracked 
| 144|0x0000000089000000, 0x0000000089100000, 0x0000000089100000|100%| O|  |TAMS 0x0000000089100000, 0x0000000089000000| Untracked 
| 145|0x0000000089100000, 0x0000000089200000, 0x0000000089200000|100%| O|  |TAMS 0x0000000089200000, 0x0000000089100000| Untracked 
| 146|0x0000000089200000, 0x0000000089300000, 0x0000000089300000|100%| O|  |TAMS 0x0000000089300000, 0x0000000089200000| Untracked 
| 147|0x0000000089300000, 0x0000000089400000, 0x0000000089400000|100%| O|  |TAMS 0x0000000089400000, 0x0000000089300000| Untracked 
| 148|0x0000000089400000, 0x0000000089500000, 0x0000000089500000|100%| O|  |TAMS 0x0000000089500000, 0x0000000089400000| Untracked 
| 149|0x0000000089500000, 0x0000000089600000, 0x0000000089600000|100%| O|  |TAMS 0x0000000089600000, 0x0000000089500000| Untracked 
| 150|0x0000000089600000, 0x0000000089700000, 0x0000000089700000|100%| O|  |TAMS 0x0000000089700000, 0x0000000089600000| Untracked 
| 151|0x0000000089700000, 0x0000000089800000, 0x0000000089800000|100%| O|  |TAMS 0x0000000089800000, 0x0000000089700000| Untracked 
| 152|0x0000000089800000, 0x0000000089900000, 0x0000000089900000|100%| O|  |TAMS 0x0000000089900000, 0x0000000089800000| Untracked 
| 153|0x0000000089900000, 0x0000000089a00000, 0x0000000089a00000|100%| O|  |TAMS 0x0000000089a00000, 0x0000000089900000| Untracked 
| 154|0x0000000089a00000, 0x0000000089b00000, 0x0000000089b00000|100%| O|  |TAMS 0x0000000089b00000, 0x0000000089a00000| Untracked 
| 155|0x0000000089b00000, 0x0000000089c00000, 0x0000000089c00000|100%|HS|  |TAMS 0x0000000089c00000, 0x0000000089b00000| Complete 
| 156|0x0000000089c00000, 0x0000000089d00000, 0x0000000089d00000|100%|HC|  |TAMS 0x0000000089d00000, 0x0000000089c00000| Complete 
| 157|0x0000000089d00000, 0x0000000089e00000, 0x0000000089e00000|100%|HC|  |TAMS 0x0000000089e00000, 0x0000000089d00000| Complete 
| 158|0x0000000089e00000, 0x0000000089f00000, 0x0000000089f00000|100%|HS|  |TAMS 0x0000000089f00000, 0x0000000089e00000| Complete 
| 159|0x0000000089f00000, 0x000000008a000000, 0x000000008a000000|100%|HC|  |TAMS 0x000000008a000000, 0x0000000089f00000| Complete 
| 160|0x000000008a000000, 0x000000008a100000, 0x000000008a100000|100%|HC|  |TAMS 0x000000008a100000, 0x000000008a000000| Complete 
| 161|0x000000008a100000, 0x000000008a200000, 0x000000008a200000|100%|HS|  |TAMS 0x000000008a200000, 0x000000008a100000| Complete 
| 162|0x000000008a200000, 0x000000008a300000, 0x000000008a300000|100%|HC|  |TAMS 0x000000008a300000, 0x000000008a200000| Complete 
| 163|0x000000008a300000, 0x000000008a400000, 0x000000008a400000|100%|HC|  |TAMS 0x000000008a400000, 0x000000008a300000| Complete 
| 164|0x000000008a400000, 0x000000008a500000, 0x000000008a500000|100%|HC|  |TAMS 0x000000008a500000, 0x000000008a400000| Complete 
| 165|0x000000008a500000, 0x000000008a600000, 0x000000008a600000|100%|HS|  |TAMS 0x000000008a600000, 0x000000008a500000| Complete 
| 166|0x000000008a600000, 0x000000008a700000, 0x000000008a700000|100%|HC|  |TAMS 0x000000008a700000, 0x000000008a600000| Complete 
| 167|0x000000008a700000, 0x000000008a800000, 0x000000008a800000|100%|HC|  |TAMS 0x000000008a800000, 0x000000008a700000| Complete 
| 168|0x000000008a800000, 0x000000008a900000, 0x000000008a900000|100%|HC|  |TAMS 0x000000008a900000, 0x000000008a800000| Complete 
| 169|0x000000008a900000, 0x000000008aa00000, 0x000000008aa00000|100%|HC|  |TAMS 0x000000008aa00000, 0x000000008a900000| Complete 
| 170|0x000000008aa00000, 0x000000008ab00000, 0x000000008ab00000|100%| O|  |TAMS 0x000000008ab00000, 0x000000008aa00000| Untracked 
| 171|0x000000008ab00000, 0x000000008ac00000, 0x000000008ac00000|100%| O|  |TAMS 0x000000008ac00000, 0x000000008ab00000| Untracked 
| 172|0x000000008ac00000, 0x000000008ad00000, 0x000000008ad00000|100%| O|  |TAMS 0x000000008ad00000, 0x000000008ac00000| Untracked 
| 173|0x000000008ad00000, 0x000000008ae00000, 0x000000008ae00000|100%| O|  |TAMS 0x000000008ae00000, 0x000000008ad00000| Untracked 
| 174|0x000000008ae00000, 0x000000008af00000, 0x000000008af00000|100%| O|  |TAMS 0x000000008af00000, 0x000000008ae00000| Untracked 
| 175|0x000000008af00000, 0x000000008b000000, 0x000000008b000000|100%| O|  |TAMS 0x000000008b000000, 0x000000008af00000| Untracked 
| 176|0x000000008b000000, 0x000000008b100000, 0x000000008b100000|100%| O|  |TAMS 0x000000008b100000, 0x000000008b000000| Untracked 
| 177|0x000000008b100000, 0x000000008b200000, 0x000000008b200000|100%| O|  |TAMS 0x000000008b13ba00, 0x000000008b100000| Untracked 
| 178|0x000000008b200000, 0x000000008b300000, 0x000000008b300000|100%| O|  |TAMS 0x000000008b200000, 0x000000008b200000| Untracked 
| 179|0x000000008b300000, 0x000000008b3c0e00, 0x000000008b400000| 75%| O|  |TAMS 0x000000008b300000, 0x000000008b300000| Untracked 
| 180|0x000000008b400000, 0x000000008b400000, 0x000000008b500000|  0%| F|  |TAMS 0x000000008b400000, 0x000000008b400000| Untracked 
| 181|0x000000008b500000, 0x000000008b500000, 0x000000008b600000|  0%| F|  |TAMS 0x000000008b500000, 0x000000008b500000| Untracked 
| 182|0x000000008b600000, 0x000000008b600000, 0x000000008b700000|  0%| F|  |TAMS 0x000000008b600000, 0x000000008b600000| Untracked 
| 183|0x000000008b700000, 0x000000008b700000, 0x000000008b800000|  0%| F|  |TAMS 0x000000008b700000, 0x000000008b700000| Untracked 
| 184|0x000000008b800000, 0x000000008b800000, 0x000000008b900000|  0%| F|  |TAMS 0x000000008b800000, 0x000000008b800000| Untracked 
| 185|0x000000008b900000, 0x000000008b900000, 0x000000008ba00000|  0%| F|  |TAMS 0x000000008b900000, 0x000000008b900000| Untracked 
| 186|0x000000008ba00000, 0x000000008ba00000, 0x000000008bb00000|  0%| F|  |TAMS 0x000000008ba00000, 0x000000008ba00000| Untracked 
| 187|0x000000008bb00000, 0x000000008bb00000, 0x000000008bc00000|  0%| F|  |TAMS 0x000000008bb00000, 0x000000008bb00000| Untracked 
| 188|0x000000008bc00000, 0x000000008bc00000, 0x000000008bd00000|  0%| F|  |TAMS 0x000000008bc00000, 0x000000008bc00000| Untracked 
| 189|0x000000008bd00000, 0x000000008bd00000, 0x000000008be00000|  0%| F|  |TAMS 0x000000008bd00000, 0x000000008bd00000| Untracked 
| 190|0x000000008be00000, 0x000000008be00000, 0x000000008bf00000|  0%| F|  |TAMS 0x000000008be00000, 0x000000008be00000| Untracked 
| 191|0x000000008bf00000, 0x000000008bf00000, 0x000000008c000000|  0%| F|  |TAMS 0x000000008bf00000, 0x000000008bf00000| Untracked 
| 192|0x000000008c000000, 0x000000008c100000, 0x000000008c100000|100%| O|  |TAMS 0x000000008c100000, 0x000000008c000000| Untracked 
| 193|0x000000008c100000, 0x000000008c200000, 0x000000008c200000|100%| O|  |TAMS 0x000000008c200000, 0x000000008c100000| Untracked 
| 194|0x000000008c200000, 0x000000008c300000, 0x000000008c300000|100%| O|  |TAMS 0x000000008c300000, 0x000000008c200000| Untracked 
| 195|0x000000008c300000, 0x000000008c400000, 0x000000008c400000|100%| O|  |TAMS 0x000000008c400000, 0x000000008c300000| Untracked 
| 196|0x000000008c400000, 0x000000008c400000, 0x000000008c500000|  0%| F|  |TAMS 0x000000008c400000, 0x000000008c400000| Untracked 
| 197|0x000000008c500000, 0x000000008c500000, 0x000000008c600000|  0%| F|  |TAMS 0x000000008c500000, 0x000000008c500000| Untracked 
| 198|0x000000008c600000, 0x000000008c600000, 0x000000008c700000|  0%| F|  |TAMS 0x000000008c600000, 0x000000008c600000| Untracked 
| 199|0x000000008c700000, 0x000000008c700000, 0x000000008c800000|  0%| F|  |TAMS 0x000000008c700000, 0x000000008c700000| Untracked 
| 200|0x000000008c800000, 0x000000008c800000, 0x000000008c900000|  0%| F|  |TAMS 0x000000008c800000, 0x000000008c800000| Untracked 
| 201|0x000000008c900000, 0x000000008c900000, 0x000000008ca00000|  0%| F|  |TAMS 0x000000008c900000, 0x000000008c900000| Untracked 
| 202|0x000000008ca00000, 0x000000008ca00000, 0x000000008cb00000|  0%| F|  |TAMS 0x000000008ca00000, 0x000000008ca00000| Untracked 
| 203|0x000000008cb00000, 0x000000008cb00000, 0x000000008cc00000|  0%| F|  |TAMS 0x000000008cb00000, 0x000000008cb00000| Untracked 
| 204|0x000000008cc00000, 0x000000008cc00000, 0x000000008cd00000|  0%| F|  |TAMS 0x000000008cc00000, 0x000000008cc00000| Untracked 
| 205|0x000000008cd00000, 0x000000008cd00000, 0x000000008ce00000|  0%| F|  |TAMS 0x000000008cd00000, 0x000000008cd00000| Untracked 
| 206|0x000000008ce00000, 0x000000008ce00000, 0x000000008cf00000|  0%| F|  |TAMS 0x000000008ce00000, 0x000000008ce00000| Untracked 
| 207|0x000000008cf00000, 0x000000008cf00000, 0x000000008d000000|  0%| F|  |TAMS 0x000000008cf00000, 0x000000008cf00000| Untracked 
| 208|0x000000008d000000, 0x000000008d000000, 0x000000008d100000|  0%| F|  |TAMS 0x000000008d000000, 0x000000008d000000| Untracked 
| 209|0x000000008d100000, 0x000000008d100000, 0x000000008d200000|  0%| F|  |TAMS 0x000000008d100000, 0x000000008d100000| Untracked 
| 210|0x000000008d200000, 0x000000008d200000, 0x000000008d300000|  0%| F|  |TAMS 0x000000008d200000, 0x000000008d200000| Untracked 
| 211|0x000000008d300000, 0x000000008d300000, 0x000000008d400000|  0%| F|  |TAMS 0x000000008d300000, 0x000000008d300000| Untracked 
| 212|0x000000008d400000, 0x000000008d400000, 0x000000008d500000|  0%| F|  |TAMS 0x000000008d400000, 0x000000008d400000| Untracked 
| 213|0x000000008d500000, 0x000000008d500000, 0x000000008d600000|  0%| F|  |TAMS 0x000000008d500000, 0x000000008d500000| Untracked 
| 214|0x000000008d600000, 0x000000008d600000, 0x000000008d700000|  0%| F|  |TAMS 0x000000008d600000, 0x000000008d600000| Untracked 
| 215|0x000000008d700000, 0x000000008d700000, 0x000000008d800000|  0%| F|  |TAMS 0x000000008d700000, 0x000000008d700000| Untracked 
| 216|0x000000008d800000, 0x000000008d800000, 0x000000008d900000|  0%| F|  |TAMS 0x000000008d800000, 0x000000008d800000| Untracked 
| 217|0x000000008d900000, 0x000000008d900000, 0x000000008da00000|  0%| F|  |TAMS 0x000000008d900000, 0x000000008d900000| Untracked 
| 218|0x000000008da00000, 0x000000008da00000, 0x000000008db00000|  0%| F|  |TAMS 0x000000008da00000, 0x000000008da00000| Untracked 
| 219|0x000000008db00000, 0x000000008db00000, 0x000000008dc00000|  0%| F|  |TAMS 0x000000008db00000, 0x000000008db00000| Untracked 
| 220|0x000000008dc00000, 0x000000008dc00000, 0x000000008dd00000|  0%| F|  |TAMS 0x000000008dc00000, 0x000000008dc00000| Untracked 
| 221|0x000000008dd00000, 0x000000008dd00000, 0x000000008de00000|  0%| F|  |TAMS 0x000000008dd00000, 0x000000008dd00000| Untracked 
| 222|0x000000008de00000, 0x000000008de465e0, 0x000000008df00000| 27%| S|CS|TAMS 0x000000008de00000, 0x000000008de00000| Complete 
| 223|0x000000008df00000, 0x000000008e000000, 0x000000008e000000|100%| S|CS|TAMS 0x000000008df00000, 0x000000008df00000| Complete 
| 224|0x000000008e000000, 0x000000008e000000, 0x000000008e100000|  0%| F|  |TAMS 0x000000008e000000, 0x000000008e000000| Untracked 
| 225|0x000000008e100000, 0x000000008e100000, 0x000000008e200000|  0%| F|  |TAMS 0x000000008e100000, 0x000000008e100000| Untracked 
| 226|0x000000008e200000, 0x000000008e200000, 0x000000008e300000|  0%| F|  |TAMS 0x000000008e200000, 0x000000008e200000| Untracked 
| 227|0x000000008e300000, 0x000000008e300000, 0x000000008e400000|  0%| F|  |TAMS 0x000000008e300000, 0x000000008e300000| Untracked 
| 228|0x000000008e400000, 0x000000008e400000, 0x000000008e500000|  0%| F|  |TAMS 0x000000008e400000, 0x000000008e400000| Untracked 
| 229|0x000000008e500000, 0x000000008e500000, 0x000000008e600000|  0%| F|  |TAMS 0x000000008e500000, 0x000000008e500000| Untracked 
| 230|0x000000008e600000, 0x000000008e600000, 0x000000008e700000|  0%| F|  |TAMS 0x000000008e600000, 0x000000008e600000| Untracked 
| 231|0x000000008e700000, 0x000000008e700000, 0x000000008e800000|  0%| F|  |TAMS 0x000000008e700000, 0x000000008e700000| Untracked 
| 232|0x000000008e800000, 0x000000008e800000, 0x000000008e900000|  0%| F|  |TAMS 0x000000008e800000, 0x000000008e800000| Untracked 
| 233|0x000000008e900000, 0x000000008e900000, 0x000000008ea00000|  0%| F|  |TAMS 0x000000008e900000, 0x000000008e900000| Untracked 
| 234|0x000000008ea00000, 0x000000008ea00000, 0x000000008eb00000|  0%| F|  |TAMS 0x000000008ea00000, 0x000000008ea00000| Untracked 
| 235|0x000000008eb00000, 0x000000008eb00000, 0x000000008ec00000|  0%| F|  |TAMS 0x000000008eb00000, 0x000000008eb00000| Untracked 
| 236|0x000000008ec00000, 0x000000008ec00000, 0x000000008ed00000|  0%| F|  |TAMS 0x000000008ec00000, 0x000000008ec00000| Untracked 
| 237|0x000000008ed00000, 0x000000008ed00000, 0x000000008ee00000|  0%| F|  |TAMS 0x000000008ed00000, 0x000000008ed00000| Untracked 
| 238|0x000000008ee00000, 0x000000008ee00000, 0x000000008ef00000|  0%| F|  |TAMS 0x000000008ee00000, 0x000000008ee00000| Untracked 
| 239|0x000000008ef00000, 0x000000008ef00000, 0x000000008f000000|  0%| F|  |TAMS 0x000000008ef00000, 0x000000008ef00000| Untracked 
| 240|0x000000008f000000, 0x000000008f000000, 0x000000008f100000|  0%| F|  |TAMS 0x000000008f000000, 0x000000008f000000| Untracked 
| 241|0x000000008f100000, 0x000000008f100000, 0x000000008f200000|  0%| F|  |TAMS 0x000000008f100000, 0x000000008f100000| Untracked 
| 242|0x000000008f200000, 0x000000008f200000, 0x000000008f300000|  0%| F|  |TAMS 0x000000008f200000, 0x000000008f200000| Untracked 
| 243|0x000000008f300000, 0x000000008f300000, 0x000000008f400000|  0%| F|  |TAMS 0x000000008f300000, 0x000000008f300000| Untracked 
| 244|0x000000008f400000, 0x000000008f400000, 0x000000008f500000|  0%| F|  |TAMS 0x000000008f400000, 0x000000008f400000| Untracked 
| 245|0x000000008f500000, 0x000000008f500000, 0x000000008f600000|  0%| F|  |TAMS 0x000000008f500000, 0x000000008f500000| Untracked 
| 246|0x000000008f600000, 0x000000008f600000, 0x000000008f700000|  0%| F|  |TAMS 0x000000008f600000, 0x000000008f600000| Untracked 
| 247|0x000000008f700000, 0x000000008f700000, 0x000000008f800000|  0%| F|  |TAMS 0x000000008f700000, 0x000000008f700000| Untracked 
| 248|0x000000008f800000, 0x000000008f800000, 0x000000008f900000|  0%| F|  |TAMS 0x000000008f800000, 0x000000008f800000| Untracked 
| 249|0x000000008f900000, 0x000000008f900000, 0x000000008fa00000|  0%| F|  |TAMS 0x000000008f900000, 0x000000008f900000| Untracked 
| 250|0x000000008fa00000, 0x000000008fa00000, 0x000000008fb00000|  0%| F|  |TAMS 0x000000008fa00000, 0x000000008fa00000| Untracked 
| 251|0x000000008fb00000, 0x000000008fb00000, 0x000000008fc00000|  0%| F|  |TAMS 0x000000008fb00000, 0x000000008fb00000| Untracked 
| 252|0x000000008fc00000, 0x000000008fc00000, 0x000000008fd00000|  0%| F|  |TAMS 0x000000008fc00000, 0x000000008fc00000| Untracked 
| 253|0x000000008fd00000, 0x000000008fd00000, 0x000000008fe00000|  0%| F|  |TAMS 0x000000008fd00000, 0x000000008fd00000| Untracked 
| 254|0x000000008fe00000, 0x000000008fe00000, 0x000000008ff00000|  0%| F|  |TAMS 0x000000008fe00000, 0x000000008fe00000| Untracked 
| 255|0x000000008ff00000, 0x000000008ff00000, 0x0000000090000000|  0%| F|  |TAMS 0x000000008ff00000, 0x000000008ff00000| Untracked 
| 256|0x0000000090000000, 0x0000000090000000, 0x0000000090100000|  0%| F|  |TAMS 0x0000000090000000, 0x0000000090000000| Untracked 
| 257|0x0000000090100000, 0x0000000090100000, 0x0000000090200000|  0%| F|  |TAMS 0x0000000090100000, 0x0000000090100000| Untracked 
| 258|0x0000000090200000, 0x0000000090200000, 0x0000000090300000|  0%| F|  |TAMS 0x0000000090200000, 0x0000000090200000| Untracked 
| 259|0x0000000090300000, 0x0000000090300000, 0x0000000090400000|  0%| F|  |TAMS 0x0000000090300000, 0x0000000090300000| Untracked 
| 260|0x0000000090400000, 0x0000000090400000, 0x0000000090500000|  0%| F|  |TAMS 0x0000000090400000, 0x0000000090400000| Untracked 
| 261|0x0000000090500000, 0x0000000090500000, 0x0000000090600000|  0%| F|  |TAMS 0x0000000090500000, 0x0000000090500000| Untracked 
| 262|0x0000000090600000, 0x0000000090600000, 0x0000000090700000|  0%| F|  |TAMS 0x0000000090600000, 0x0000000090600000| Untracked 
| 263|0x0000000090700000, 0x0000000090700000, 0x0000000090800000|  0%| F|  |TAMS 0x0000000090700000, 0x0000000090700000| Untracked 
| 264|0x0000000090800000, 0x0000000090800000, 0x0000000090900000|  0%| F|  |TAMS 0x0000000090800000, 0x0000000090800000| Untracked 
| 265|0x0000000090900000, 0x0000000090900000, 0x0000000090a00000|  0%| F|  |TAMS 0x0000000090900000, 0x0000000090900000| Untracked 
| 266|0x0000000090a00000, 0x0000000090a00000, 0x0000000090b00000|  0%| F|  |TAMS 0x0000000090a00000, 0x0000000090a00000| Untracked 
| 267|0x0000000090b00000, 0x0000000090b00000, 0x0000000090c00000|  0%| F|  |TAMS 0x0000000090b00000, 0x0000000090b00000| Untracked 
| 268|0x0000000090c00000, 0x0000000090c00000, 0x0000000090d00000|  0%| F|  |TAMS 0x0000000090c00000, 0x0000000090c00000| Untracked 
| 269|0x0000000090d00000, 0x0000000090d00000, 0x0000000090e00000|  0%| F|  |TAMS 0x0000000090d00000, 0x0000000090d00000| Untracked 
| 270|0x0000000090e00000, 0x0000000090e00000, 0x0000000090f00000|  0%| F|  |TAMS 0x0000000090e00000, 0x0000000090e00000| Untracked 
| 271|0x0000000090f00000, 0x0000000090f00000, 0x0000000091000000|  0%| F|  |TAMS 0x0000000090f00000, 0x0000000090f00000| Untracked 
| 272|0x0000000091000000, 0x0000000091000000, 0x0000000091100000|  0%| F|  |TAMS 0x0000000091000000, 0x0000000091000000| Untracked 
| 273|0x0000000091100000, 0x0000000091100000, 0x0000000091200000|  0%| F|  |TAMS 0x0000000091100000, 0x0000000091100000| Untracked 
| 274|0x0000000091200000, 0x0000000091300000, 0x0000000091300000|100%| E|  |TAMS 0x0000000091200000, 0x0000000091200000| Complete 
| 275|0x0000000091300000, 0x0000000091400000, 0x0000000091400000|100%| E|CS|TAMS 0x0000000091300000, 0x0000000091300000| Complete 
| 276|0x0000000091400000, 0x0000000091500000, 0x0000000091500000|100%| E|CS|TAMS 0x0000000091400000, 0x0000000091400000| Complete 
| 277|0x0000000091500000, 0x0000000091600000, 0x0000000091600000|100%| E|CS|TAMS 0x0000000091500000, 0x0000000091500000| Complete 
| 278|0x0000000091600000, 0x0000000091700000, 0x0000000091700000|100%| E|CS|TAMS 0x0000000091600000, 0x0000000091600000| Complete 
| 279|0x0000000091700000, 0x0000000091800000, 0x0000000091800000|100%| E|CS|TAMS 0x0000000091700000, 0x0000000091700000| Complete 
| 280|0x0000000091800000, 0x0000000091900000, 0x0000000091900000|100%| E|CS|TAMS 0x0000000091800000, 0x0000000091800000| Complete 
| 281|0x0000000091900000, 0x0000000091a00000, 0x0000000091a00000|100%| E|CS|TAMS 0x0000000091900000, 0x0000000091900000| Complete 
| 282|0x0000000091a00000, 0x0000000091b00000, 0x0000000091b00000|100%| E|CS|TAMS 0x0000000091a00000, 0x0000000091a00000| Complete 
| 283|0x0000000091b00000, 0x0000000091c00000, 0x0000000091c00000|100%| E|CS|TAMS 0x0000000091b00000, 0x0000000091b00000| Complete 
| 284|0x0000000091c00000, 0x0000000091d00000, 0x0000000091d00000|100%| E|CS|TAMS 0x0000000091c00000, 0x0000000091c00000| Complete 
| 285|0x0000000091d00000, 0x0000000091e00000, 0x0000000091e00000|100%| E|CS|TAMS 0x0000000091d00000, 0x0000000091d00000| Complete 
| 286|0x0000000091e00000, 0x0000000091f00000, 0x0000000091f00000|100%| E|CS|TAMS 0x0000000091e00000, 0x0000000091e00000| Complete 
| 287|0x0000000091f00000, 0x0000000092000000, 0x0000000092000000|100%| E|CS|TAMS 0x0000000091f00000, 0x0000000091f00000| Complete 
| 288|0x0000000092000000, 0x0000000092100000, 0x0000000092100000|100%| E|CS|TAMS 0x0000000092000000, 0x0000000092000000| Complete 
| 289|0x0000000092100000, 0x0000000092200000, 0x0000000092200000|100%| E|CS|TAMS 0x0000000092100000, 0x0000000092100000| Complete 
| 290|0x0000000092200000, 0x0000000092300000, 0x0000000092300000|100%| E|CS|TAMS 0x0000000092200000, 0x0000000092200000| Complete 
| 291|0x0000000092300000, 0x0000000092400000, 0x0000000092400000|100%| E|CS|TAMS 0x0000000092300000, 0x0000000092300000| Complete 
| 292|0x0000000092400000, 0x0000000092500000, 0x0000000092500000|100%| E|CS|TAMS 0x0000000092400000, 0x0000000092400000| Complete 
| 293|0x0000000092500000, 0x0000000092600000, 0x0000000092600000|100%| E|CS|TAMS 0x0000000092500000, 0x0000000092500000| Complete 
| 294|0x0000000092600000, 0x0000000092700000, 0x0000000092700000|100%| E|CS|TAMS 0x0000000092600000, 0x0000000092600000| Complete 
| 295|0x0000000092700000, 0x0000000092800000, 0x0000000092800000|100%| E|CS|TAMS 0x0000000092700000, 0x0000000092700000| Complete 
| 296|0x0000000092800000, 0x0000000092900000, 0x0000000092900000|100%| E|CS|TAMS 0x0000000092800000, 0x0000000092800000| Complete 
| 297|0x0000000092900000, 0x0000000092a00000, 0x0000000092a00000|100%| E|CS|TAMS 0x0000000092900000, 0x0000000092900000| Complete 

Card table byte_map: [0x00000270f1e90000,0x00000270f2290000] _byte_map_base: 0x00000270f1a90000

Marking Bits (Prev, Next): (CMBitMap*) 0x00000270edfb6298, (CMBitMap*) 0x00000270edfb62d0
 Prev Bits: [0x00000270f2690000, 0x00000270f4690000)
 Next Bits: [0x00000270f4690000, 0x00000270f6690000)

Polling page: 0x00000270ebe80000

Metaspace:

Usage:
  Non-class:    123.81 MB capacity,   121.23 MB ( 98%) used,     2.13 MB (  2%) free+waste,   455.06 KB ( <1%) overhead. 
      Class:     19.10 MB capacity,    17.68 MB ( 93%) used,     1.22 MB (  6%) free+waste,   206.50 KB (  1%) overhead. 
       Both:    142.91 MB capacity,   138.92 MB ( 97%) used,     3.35 MB (  2%) free+waste,   661.56 KB ( <1%) overhead. 

Virtual space:
  Non-class space:      126.00 MB reserved,     123.96 MB ( 98%) committed 
      Class space:        1.00 GB reserved,      19.20 MB (  2%) committed 
             Both:        1.12 GB reserved,     143.16 MB ( 12%) committed 

Chunk freelists:
   Non-Class:  21.00 KB
       Class:  23.00 KB
        Both:  44.00 KB

MaxMetaspaceSize: 17179869184.00 GB
CompressedClassSpaceSize: 1.00 GB
Initial GC threshold: 20.80 MB
Current GC threshold: 235.26 MB
CDS: off

CodeHeap 'non-profiled nmethods': size=120064Kb used=11435Kb max_used=11466Kb free=108628Kb
 bounds [0x0000027087ac0000, 0x0000027088610000, 0x000002708f000000]
CodeHeap 'profiled nmethods': size=120000Kb used=37595Kb max_used=37595Kb free=82404Kb
 bounds [0x0000027080590000, 0x0000027082a50000, 0x0000027087ac0000]
CodeHeap 'non-nmethods': size=5696Kb used=2509Kb max_used=2553Kb free=3186Kb
 bounds [0x0000027080000000, 0x0000027080290000, 0x0000027080590000]
 total_blobs=17849 nmethods=16800 adapters=960
 compilation: enabled
              stopped_count=0, restarted_count=0
 full_count=0

Compilation events (20 events):
Event: 367.931 Thread 0x00000270f8b9e000 17782       1       org.apache.tools.ant.AntTypeDefinition::setAdapterClass (6 bytes)
Event: 367.931 Thread 0x00000270f8b9e000 nmethod 17782 0x0000027087bec810 code [0x0000027087bec9c0, 0x0000027087becab8]
Event: 367.931 Thread 0x00000270f8b9e000 17783       3       org.apache.tools.ant.AntTypeDefinition::<init> (10 bytes)
Event: 367.932 Thread 0x00000270f8b9e000 nmethod 17783 0x0000027082a3c690 code [0x0000027082a3c840, 0x0000027082a3c998]
Event: 367.958 Thread 0x00000270f8b9e000 17784       3       groovy.lang.MetaClassImpl::addElementToList (58 bytes)
Event: 367.958 Thread 0x00000270f8b9e000 nmethod 17784 0x0000027082a3ca90 code [0x0000027082a3ccc0, 0x0000027082a3d4a8]
Event: 367.959 Thread 0x00000270f8b9e000 17785       3       java.util.logging.LogManager$LoggerContext::requiresDefaultLoggers (29 bytes)
Event: 367.959 Thread 0x00000270f8b9e000 nmethod 17785 0x0000027082a3d710 code [0x0000027082a3d8e0, 0x0000027082a3dae8]
Event: 367.972 Thread 0x00000270f8b9e000 17786       3       org.gradle.internal.reflect.ClassInspector::visitGraph (98 bytes)
Event: 367.974 Thread 0x00000270f8b9e000 nmethod 17786 0x0000027082a3dc10 code [0x0000027082a3df60, 0x0000027082a3f708]
Event: 367.983 Thread 0x00000270f8b9e000 17787       1       org.gradle.internal.reflect.MutableClassDetails::getAllMethods (5 bytes)
Event: 367.983 Thread 0x00000270f8b9e000 nmethod 17787 0x0000027087bec510 code [0x0000027087bec6c0, 0x0000027087bec778]
Event: 367.988 Thread 0x00000270f8b9e000 17789       3       java.lang.String::replace (42 bytes)
Event: 367.989 Thread 0x00000270f8b9e000 nmethod 17789 0x0000027082a3fe90 code [0x0000027082a40060, 0x0000027082a40378]
Event: 368.007 Thread 0x00000270f8b9e000 17790       2       org.gradle.internal.instantiation.generator.AbstractClassGenerator::isPropertyType (33 bytes)
Event: 368.007 Thread 0x00000270f8b9e000 nmethod 17790 0x0000027082a40490 code [0x0000027082a40660, 0x0000027082a407e8]
Event: 368.026 Thread 0x00000270f8b9e000 17791       2       org.gradle.internal.instantiation.generator.AbstractClassGenerator$PropertyTypePropertyHandler::visitProperty (29 bytes)
Event: 368.027 Thread 0x00000270f8b9e000 nmethod 17791 0x0000027082a40910 code [0x0000027082a40b00, 0x0000027082a40d98]
Event: 368.027 Thread 0x00000270f8b9e000 17792       2       org.gradle.internal.instantiation.generator.AbstractClassGenerator::access$2300 (5 bytes)
Event: 368.028 Thread 0x00000270f8b9e000 nmethod 17792 0x0000027082a41010 code [0x0000027082a411e0, 0x0000027082a41388]

GC Heap History (20 events):
Event: 356.738 GC heap before
{Heap before GC invocations=61 (full 0):
 garbage-first heap   total 200704K, used 178859K [0x0000000080000000, 0x0000000100000000)
  region size 1024K, 5 young (5120K), 1 survivors (1024K)
 Metaspace       used 129824K, capacity 133705K, committed 133792K, reserved 1165312K
  class space    used 16651K, capacity 18091K, committed 18124K, reserved 1048576K
}
Event: 356.741 GC heap after
{Heap after GC invocations=62 (full 0):
 garbage-first heap   total 200704K, used 177299K [0x0000000080000000, 0x0000000100000000)
  region size 1024K, 1 young (1024K), 1 survivors (1024K)
 Metaspace       used 129824K, capacity 133705K, committed 133792K, reserved 1165312K
  class space    used 16651K, capacity 18091K, committed 18124K, reserved 1048576K
}
Event: 357.002 GC heap before
{Heap before GC invocations=62 (full 0):
 garbage-first heap   total 200704K, used 186515K [0x0000000080000000, 0x0000000100000000)
  region size 1024K, 9 young (9216K), 1 survivors (1024K)
 Metaspace       used 130998K, capacity 134927K, committed 135200K, reserved 1167360K
  class space    used 16716K, capacity 18157K, committed 18252K, reserved 1048576K
}
Event: 357.007 GC heap after
{Heap after GC invocations=63 (full 0):
 garbage-first heap   total 200704K, used 176884K [0x0000000080000000, 0x0000000100000000)
  region size 1024K, 1 young (1024K), 1 survivors (1024K)
 Metaspace       used 130998K, capacity 134927K, committed 135200K, reserved 1167360K
  class space    used 16716K, capacity 18157K, committed 18252K, reserved 1048576K
}
Event: 357.660 GC heap before
{Heap before GC invocations=64 (full 0):
 garbage-first heap   total 200704K, used 184052K [0x0000000080000000, 0x0000000100000000)
  region size 1024K, 9 young (9216K), 1 survivors (1024K)
 Metaspace       used 132077K, capacity 136009K, committed 136352K, reserved 1167360K
  class space    used 16852K, capacity 18257K, committed 18380K, reserved 1048576K
}
Event: 357.667 GC heap after
{Heap after GC invocations=65 (full 0):
 garbage-first heap   total 200704K, used 177219K [0x0000000080000000, 0x0000000100000000)
  region size 1024K, 1 young (1024K), 1 survivors (1024K)
 Metaspace       used 132077K, capacity 136009K, committed 136352K, reserved 1167360K
  class space    used 16852K, capacity 18257K, committed 18380K, reserved 1048576K
}
Event: 358.095 GC heap before
{Heap before GC invocations=65 (full 0):
 garbage-first heap   total 200704K, used 184387K [0x0000000080000000, 0x0000000100000000)
  region size 1024K, 9 young (9216K), 1 survivors (1024K)
 Metaspace       used 132980K, capacity 136814K, committed 136992K, reserved 1167360K
  class space    used 16948K, capacity 18394K, committed 18508K, reserved 1048576K
}
Event: 358.103 GC heap after
{Heap after GC invocations=66 (full 0):
 garbage-first heap   total 200704K, used 178182K [0x0000000080000000, 0x0000000100000000)
  region size 1024K, 2 young (2048K), 2 survivors (2048K)
 Metaspace       used 132980K, capacity 136814K, committed 136992K, reserved 1167360K
  class space    used 16948K, capacity 18394K, committed 18508K, reserved 1048576K
}
Event: 358.332 GC heap before
{Heap before GC invocations=66 (full 0):
 garbage-first heap   total 200704K, used 185350K [0x0000000080000000, 0x0000000100000000)
  region size 1024K, 9 young (9216K), 2 survivors (2048K)
 Metaspace       used 134043K, capacity 137838K, committed 138016K, reserved 1169408K
  class space    used 17043K, capacity 18458K, committed 18508K, reserved 1048576K
}
Event: 358.343 GC heap after
{Heap after GC invocations=67 (full 0):
 garbage-first heap   total 253952K, used 178678K [0x0000000080000000, 0x0000000100000000)
  region size 1024K, 1 young (1024K), 1 survivors (1024K)
 Metaspace       used 134043K, capacity 137838K, committed 138016K, reserved 1169408K
  class space    used 17043K, capacity 18458K, committed 18508K, reserved 1048576K
}
Event: 359.435 GC heap before
{Heap before GC invocations=68 (full 0):
 garbage-first heap   total 253952K, used 201206K [0x0000000080000000, 0x0000000100000000)
  region size 1024K, 23 young (23552K), 1 survivors (1024K)
 Metaspace       used 136560K, capacity 140561K, committed 140704K, reserved 1171456K
  class space    used 17368K, capacity 18827K, committed 18892K, reserved 1048576K
}
Event: 359.444 GC heap after
{Heap after GC invocations=69 (full 0):
 garbage-first heap   total 253952K, used 180785K [0x0000000080000000, 0x0000000100000000)
  region size 1024K, 3 young (3072K), 3 survivors (3072K)
 Metaspace       used 136560K, capacity 140561K, committed 140704K, reserved 1171456K
  class space    used 17368K, capacity 18827K, committed 18892K, reserved 1048576K
}
Event: 365.126 GC heap before
{Heap before GC invocations=69 (full 0):
 garbage-first heap   total 253952K, used 203313K [0x0000000080000000, 0x0000000100000000)
  region size 1024K, 26 young (26624K), 3 survivors (3072K)
 Metaspace       used 139601K, capacity 143509K, committed 143648K, reserved 1173504K
  class space    used 17769K, capacity 19229K, committed 19276K, reserved 1048576K
}
Event: 365.149 GC heap after
{Heap after GC invocations=70 (full 0):
 garbage-first heap   total 253952K, used 182730K [0x0000000080000000, 0x0000000100000000)
  region size 1024K, 2 young (2048K), 2 survivors (2048K)
 Metaspace       used 139601K, capacity 143509K, committed 143648K, reserved 1173504K
  class space    used 17769K, capacity 19229K, committed 19276K, reserved 1048576K
}
Event: 366.105 GC heap before
{Heap before GC invocations=71 (full 0):
 garbage-first heap   total 253952K, used 206282K [0x0000000080000000, 0x0000000100000000)
  region size 1024K, 26 young (26624K), 2 survivors (2048K)
 Metaspace       used 140020K, capacity 144004K, committed 144160K, reserved 1175552K
  class space    used 17816K, capacity 19263K, committed 19276K, reserved 1048576K
}
Event: 366.123 GC heap after
{Heap after GC invocations=72 (full 0):
 garbage-first heap   total 253952K, used 185537K [0x0000000080000000, 0x0000000100000000)
  region size 1024K, 4 young (4096K), 4 survivors (4096K)
 Metaspace       used 140020K, capacity 144004K, committed 144160K, reserved 1175552K
  class space    used 17816K, capacity 19263K, committed 19276K, reserved 1048576K
}
Event: 366.584 GC heap before
{Heap before GC invocations=72 (full 0):
 garbage-first heap   total 253952K, used 208065K [0x0000000080000000, 0x0000000100000000)
  region size 1024K, 27 young (27648K), 4 survivors (4096K)
 Metaspace       used 140172K, capacity 144083K, committed 144160K, reserved 1175552K
  class space    used 17828K, capacity 19267K, committed 19276K, reserved 1048576K
}
Event: 366.611 GC heap after
{Heap after GC invocations=73 (full 0):
 garbage-first heap   total 253952K, used 188482K [0x0000000080000000, 0x0000000100000000)
  region size 1024K, 3 young (3072K), 3 survivors (3072K)
 Metaspace       used 140172K, capacity 144083K, committed 144160K, reserved 1175552K
  class space    used 17828K, capacity 19267K, committed 19276K, reserved 1048576K
}
Event: 367.544 GC heap before
{Heap before GC invocations=73 (full 0):
 garbage-first heap   total 253952K, used 212034K [0x0000000080000000, 0x0000000100000000)
  region size 1024K, 26 young (26624K), 3 survivors (3072K)
 Metaspace       used 140673K, capacity 144664K, committed 144800K, reserved 1175552K
  class space    used 17887K, capacity 19328K, committed 19404K, reserved 1048576K
}
Event: 367.559 GC heap after
{Heap after GC invocations=74 (full 0):
 garbage-first heap   total 305152K, used 189468K [0x0000000080000000, 0x0000000100000000)
  region size 1024K, 2 young (2048K), 2 survivors (2048K)
 Metaspace       used 140673K, capacity 144664K, committed 144800K, reserved 1175552K
  class space    used 17887K, capacity 19328K, committed 19404K, reserved 1048576K
}

Deoptimization events (20 events):
Event: 367.898 Thread 0x000002708f62e000 Uncommon trap: trap_request=0xffffffc6 fr.pc=0x0000027087e1e404 relative=0x0000000000000de4
Event: 367.898 Thread 0x000002708f62e000 Uncommon trap: reason=bimorphic_or_optimized_type_check action=maybe_recompile pc=0x0000027087e1e404 method=java.util.Hashtable.put(Ljava/lang/Object;Ljava/lang/Object;)Ljava/lang/Object; @ 18 c2
Event: 367.898 Thread 0x000002708f62e000 DEOPT PACKING pc=0x0000027087e1e404 sp=0x0000007c4c4f9a60
Event: 367.898 Thread 0x000002708f62e000 DEOPT UNPACKING pc=0x000002708004a1af sp=0x0000007c4c4f9a28 mode 2
Event: 367.924 Thread 0x000002708f62e000 DEOPT PACKING pc=0x0000027080a65891 sp=0x0000007c4c4f9a40
Event: 367.924 Thread 0x000002708f62e000 DEOPT UNPACKING pc=0x000002708004a95e sp=0x0000007c4c4f8f18 mode 0
Event: 367.924 Thread 0x000002708f62e000 DEOPT PACKING pc=0x0000027080b74916 sp=0x0000007c4c4f9a10
Event: 367.925 Thread 0x000002708f62e000 DEOPT UNPACKING pc=0x000002708004a95e sp=0x0000007c4c4f8f28 mode 0
Event: 367.925 Thread 0x000002708f62e000 DEOPT PACKING pc=0x0000027080a65891 sp=0x0000007c4c4f9a40
Event: 367.925 Thread 0x000002708f62e000 DEOPT UNPACKING pc=0x000002708004a95e sp=0x0000007c4c4f8f18 mode 0
Event: 367.931 Thread 0x000002708f62e000 DEOPT PACKING pc=0x0000027080b74916 sp=0x0000007c4c4f9a10
Event: 367.931 Thread 0x000002708f62e000 DEOPT UNPACKING pc=0x000002708004a95e sp=0x0000007c4c4f8f28 mode 0
Event: 367.933 Thread 0x000002708f62e000 Uncommon trap: trap_request=0xffffff4d fr.pc=0x0000027087b635f0 relative=0x00000000000005b0
Event: 367.933 Thread 0x000002708f62e000 Uncommon trap: reason=unstable_if action=reinterpret pc=0x0000027087b635f0 method=java.lang.String.replace(CC)Ljava/lang/String; @ 2 c2
Event: 367.933 Thread 0x000002708f62e000 DEOPT PACKING pc=0x0000027087b635f0 sp=0x0000007c4c4f9b40
Event: 367.934 Thread 0x000002708f62e000 DEOPT UNPACKING pc=0x000002708004a1af sp=0x0000007c4c4f9af0 mode 2
Event: 367.986 Thread 0x000002708f62e000 Uncommon trap: trap_request=0xfffffff4 fr.pc=0x00000270885d2ef4 relative=0x0000000000000714
Event: 367.987 Thread 0x000002708f62e000 Uncommon trap: reason=null_check action=make_not_entrant pc=0x00000270885d2ef4 method=org.gradle.internal.instantiation.generator.AbstractClassGenerator.isPropertyType(Ljava/lang/Class;)Z @ 21 c2
Event: 367.987 Thread 0x000002708f62e000 DEOPT PACKING pc=0x00000270885d2ef4 sp=0x0000007c4c4f87a0
Event: 367.987 Thread 0x000002708f62e000 DEOPT UNPACKING pc=0x000002708004a1af sp=0x0000007c4c4f86b8 mode 2

Classes redefined (0 events):
No events

Internal exceptions (20 events):
Event: 367.795 Thread 0x000002708f62e000 Exception <a 'java/lang/ClassNotFoundException'{0x00000000922adac8}: java/util/LinkedHashSetBeanInfo> (0x00000000922adac8) thrown at [./src/hotspot/share/classfile/systemDictionary.cpp, line 231]
Event: 367.796 Thread 0x000002708f62e000 Exception <a 'java/lang/ClassNotFoundException'{0x00000000922b6478}: java/util/HashSetBeanInfo> (0x00000000922b6478) thrown at [./src/hotspot/share/classfile/systemDictionary.cpp, line 231]
Event: 367.797 Thread 0x000002708f62e000 Exception <a 'java/lang/ClassNotFoundException'{0x00000000922bf690}: java/util/AbstractSetBeanInfo> (0x00000000922bf690) thrown at [./src/hotspot/share/classfile/systemDictionary.cpp, line 231]
Event: 367.798 Thread 0x000002708f62e000 Exception <a 'java/lang/ClassNotFoundException'{0x00000000922c8960}: java/util/AbstractSetCustomizer> (0x00000000922c8960) thrown at [./src/hotspot/share/classfile/systemDictionary.cpp, line 231]
Event: 367.799 Thread 0x000002708f62e000 Exception <a 'java/lang/ClassNotFoundException'{0x00000000922d5cd0}: java/util/HashSetCustomizer> (0x00000000922d5cd0) thrown at [./src/hotspot/share/classfile/systemDictionary.cpp, line 231]
Event: 367.802 Thread 0x000002708f62e000 Exception <a 'java/lang/ClassNotFoundException'{0x00000000922e70e0}: java/util/LinkedHashSetCustomizer> (0x00000000922e70e0) thrown at [./src/hotspot/share/classfile/systemDictionary.cpp, line 231]
Event: 367.807 Thread 0x000002708f62e000 Exception <a 'java/lang/ClassNotFoundException'{0x000000009210f050}: org/jetbrains/plugins/gradle/tooling/util/JavaPluginUtilBeanInfo> (0x000000009210f050) thrown at [./src/hotspot/share/classfile/systemDictionary.cpp, line 231]
Event: 367.808 Thread 0x000002708f62e000 Exception <a 'java/lang/ClassNotFoundException'{0x000000009211f758}: org/jetbrains/plugins/gradle/tooling/util/JavaPluginUtilCustomizer> (0x000000009211f758) thrown at [./src/hotspot/share/classfile/systemDictionary.cpp, line 231]
Event: 367.865 Thread 0x000002708f62e000 Exception <a 'java/lang/IncompatibleClassChangeError'{0x00000000921f42a8}: Found class java.lang.Object, but interface was expected> (0x00000000921f42a8) thrown at [./src/hotspot/share/interpreter/linkResolver.cpp, line 839]
Event: 367.942 Thread 0x000002708f62e000 Exception <a 'java/lang/ClassNotFoundException'{0x0000000091f83738}: org/gradle/api/internal/project/DefaultAntBuilderBeanInfo> (0x0000000091f83738) thrown at [./src/hotspot/share/classfile/systemDictionary.cpp, line 231]
Event: 367.943 Thread 0x000002708f62e000 Exception <a 'java/lang/ClassNotFoundException'{0x0000000091f9af58}: org/gradle/api/internal/project/ant/BasicAntBuilderBeanInfo> (0x0000000091f9af58) thrown at [./src/hotspot/share/classfile/systemDictionary.cpp, line 231]
Event: 367.943 Thread 0x000002708f62e000 Exception <a 'java/lang/ClassNotFoundException'{0x0000000091fad960}: org/gradle/api/AntBuilderBeanInfo> (0x0000000091fad960) thrown at [./src/hotspot/share/classfile/systemDictionary.cpp, line 231]
Event: 367.945 Thread 0x000002708f62e000 Exception <a 'java/lang/ClassNotFoundException'{0x0000000091ff6a58}: groovy/util/AntBuilderBeanInfo> (0x0000000091ff6a58) thrown at [./src/hotspot/share/classfile/systemDictionary.cpp, line 231]
Event: 367.946 Thread 0x000002708f62e000 Exception <a 'java/lang/ClassNotFoundException'{0x0000000091e40958}: groovy/util/BuilderSupportBeanInfo> (0x0000000091e40958) thrown at [./src/hotspot/share/classfile/systemDictionary.cpp, line 231]
Event: 367.948 Thread 0x000002708f62e000 Exception <a 'java/lang/ClassNotFoundException'{0x0000000091e8ae48}: groovy/util/BuilderSupportCustomizer> (0x0000000091e8ae48) thrown at [./src/hotspot/share/classfile/systemDictionary.cpp, line 231]
Event: 367.950 Thread 0x000002708f62e000 Exception <a 'java/lang/ClassNotFoundException'{0x0000000091ed6238}: groovy/util/AntBuilderCustomizer> (0x0000000091ed6238) thrown at [./src/hotspot/share/classfile/systemDictionary.cpp, line 231]
Event: 367.951 Thread 0x000002708f62e000 Exception <a 'java/lang/ClassNotFoundException'{0x0000000091eeea90}: org/gradle/api/AntBuilderCustomizer> (0x0000000091eeea90) thrown at [./src/hotspot/share/classfile/systemDictionary.cpp, line 231]
Event: 367.952 Thread 0x000002708f62e000 Exception <a 'java/lang/ClassNotFoundException'{0x0000000091d11dc0}: org/gradle/api/internal/project/ant/BasicAntBuilderCustomizer> (0x0000000091d11dc0) thrown at [./src/hotspot/share/classfile/systemDictionary.cpp, line 231]
Event: 367.954 Thread 0x000002708f62e000 Exception <a 'java/lang/ClassNotFoundException'{0x0000000091d3be30}: org/gradle/api/internal/project/DefaultAntBuilderCustomizer> (0x0000000091d3be30) thrown at [./src/hotspot/share/classfile/systemDictionary.cpp, line 231]
Event: 367.986 Thread 0x000002708f62e000 Implicit null exception at 0x00000270885d2833 to 0x00000270885d2edc

Events (20 events):
Event: 368.042 loading class org/gradle/api/tasks/diagnostics/DependencyInsightReportTask$AttributeMatchDetails
Event: 368.042 loading class org/gradle/api/tasks/diagnostics/DependencyInsightReportTask$AttributeMatchDetails done
Event: 368.043 loading class org/gradle/api/tasks/diagnostics/ResolutionErrorRenderer
Event: 368.043 loading class org/gradle/api/tasks/diagnostics/ResolutionErrorRenderer done
Event: 368.050 loading class org/gradle/api/internal/component/ComponentRegistry
Event: 368.050 loading class org/gradle/api/internal/component/ComponentRegistry done
Event: 368.050 loading class org/gradle/api/internal/component/ComponentRegistry
Event: 368.050 loading class org/gradle/api/internal/component/ComponentRegistry done
Event: 368.051 loading class org/gradle/api/tasks/diagnostics/internal/DependencyReportRenderer
Event: 368.051 loading class org/gradle/api/tasks/diagnostics/internal/DependencyReportRenderer done
Event: 368.057 loading class org/gradle/api/tasks/diagnostics/internal/dependencies/AsciiDependencyReportRenderer
Event: 368.057 loading class org/gradle/api/tasks/diagnostics/internal/dependencies/AsciiDependencyReportRenderer done
Event: 368.059 loading class org/gradle/api/tasks/diagnostics/internal/graph/nodes/RenderableDependency
Event: 368.059 loading class org/gradle/api/tasks/diagnostics/internal/graph/nodes/RenderableDependency done
Event: 368.061 loading class org/gradle/api/tasks/diagnostics/internal/dependencies/AsciiDependencyReportRenderer$ConfigurationAction
Event: 368.061 loading class org/gradle/api/tasks/diagnostics/internal/dependencies/AsciiDependencyReportRenderer$ConfigurationAction done
Event: 368.077 loading class org/gradle/api/reporting/model/ModelReport$Format
Event: 368.077 loading class org/gradle/api/reporting/model/ModelReport$Format done
Event: 368.094 loading class org/gradle/api/tasks/diagnostics/OutgoingVariantsReportTask$Formatter
Event: 368.094 loading class org/gradle/api/tasks/diagnostics/OutgoingVariantsReportTask$Formatter done


Dynamic libraries:
0x00007ff6a6c30000 - 0x00007ff6a6c3a000 	C:\Program Files\Android\Android Studio\jre\bin\java.exe
0x00007ffb57b30000 - 0x00007ffb57d28000 	C:\windows\SYSTEM32\ntdll.dll
0x00007ffb57a30000 - 0x00007ffb57aed000 	C:\windows\System32\KERNEL32.DLL
0x00007ffb553e0000 - 0x00007ffb556d6000 	C:\windows\System32\KERNELBASE.dll
0x00007ffb55710000 - 0x00007ffb55810000 	C:\windows\System32\ucrtbase.dll
0x00007ffb4dac0000 - 0x00007ffb4dad9000 	C:\Program Files\Android\Android Studio\jre\bin\jli.dll
0x00007ffb48a10000 - 0x00007ffb48a27000 	C:\Program Files\Android\Android Studio\jre\bin\VCRUNTIME140.dll
0x00007ffb576c0000 - 0x00007ffb5785f000 	C:\windows\System32\USER32.dll
0x00007ffb556e0000 - 0x00007ffb55702000 	C:\windows\System32\win32u.dll
0x00007ffb3a840000 - 0x00007ffb3aada000 	C:\windows\WinSxS\amd64_microsoft.windows.common-controls_6595b64144ccf1df_6.0.19041.3636_none_60b6a03d71f818d5\COMCTL32.dll
0x00007ffb56860000 - 0x00007ffb5688b000 	C:\windows\System32\GDI32.dll
0x00007ffb57990000 - 0x00007ffb57a2e000 	C:\windows\System32\msvcrt.dll
0x00007ffb55960000 - 0x00007ffb55a77000 	C:\windows\System32\gdi32full.dll
0x00007ffb55340000 - 0x00007ffb553dd000 	C:\windows\System32\msvcp_win.dll
0x00007ffb56f50000 - 0x00007ffb56f82000 	C:\windows\System32\IMM32.DLL
0x00007ffb2ee90000 - 0x00007ffb2ef2d000 	C:\Program Files\Android\Android Studio\jre\bin\msvcp140.dll
0x00007ffb17c80000 - 0x00007ffb18782000 	C:\Program Files\Android\Android Studio\jre\bin\server\jvm.dll
0x00007ffb56e40000 - 0x00007ffb56ef0000 	C:\windows\System32\ADVAPI32.dll
0x00007ffb56da0000 - 0x00007ffb56e40000 	C:\windows\System32\sechost.dll
0x00007ffb57860000 - 0x00007ffb57983000 	C:\windows\System32\RPCRT4.dll
0x00007ffb55b30000 - 0x00007ffb55b57000 	C:\windows\System32\bcrypt.dll
0x00007ffb56f90000 - 0x00007ffb56f98000 	C:\windows\System32\PSAPI.DLL
0x00007ffb3e3e0000 - 0x00007ffb3e407000 	C:\windows\SYSTEM32\WINMM.dll
0x00007ffb37390000 - 0x00007ffb37399000 	C:\windows\SYSTEM32\WSOCK32.dll
0x00007ffb44bc0000 - 0x00007ffb44bca000 	C:\windows\SYSTEM32\VERSION.dll
0x00007ffb56970000 - 0x00007ffb569db000 	C:\windows\System32\WS2_32.dll
0x00007ffb539c0000 - 0x00007ffb539d2000 	C:\windows\SYSTEM32\kernel.appcore.dll
0x00007ffb50460000 - 0x00007ffb50471000 	C:\Program Files\Android\Android Studio\jre\bin\verify.dll
0x00007ffb53690000 - 0x00007ffb53874000 	C:\windows\SYSTEM32\DBGHELP.DLL
0x00007ffb422e0000 - 0x00007ffb42314000 	C:\windows\SYSTEM32\dbgcore.DLL
0x00007ffb55860000 - 0x00007ffb558e2000 	C:\windows\System32\bcryptPrimitives.dll
0x00007ffb4cf20000 - 0x00007ffb4cf49000 	C:\Program Files\Android\Android Studio\jre\bin\java.dll
0x00007ffb50450000 - 0x00007ffb5045b000 	C:\Program Files\Android\Android Studio\jre\bin\jimage.dll
0x00007ffb4ddd0000 - 0x00007ffb4dde8000 	C:\Program Files\Android\Android Studio\jre\bin\zip.dll
0x00007ffb560e0000 - 0x00007ffb5684b000 	C:\windows\System32\SHELL32.dll
0x00007ffb52e20000 - 0x00007ffb535be000 	C:\windows\SYSTEM32\windows.storage.dll
0x00007ffb56a40000 - 0x00007ffb56d93000 	C:\windows\System32\combase.dll
0x00007ffb54b20000 - 0x00007ffb54b4e000 	C:\windows\SYSTEM32\Wldp.dll
0x00007ffb57030000 - 0x00007ffb570fd000 	C:\windows\System32\OLEAUT32.dll
0x00007ffb568c0000 - 0x00007ffb5696d000 	C:\windows\System32\SHCORE.dll
0x00007ffb56080000 - 0x00007ffb560d5000 	C:\windows\System32\shlwapi.dll
0x00007ffb55110000 - 0x00007ffb55133000 	C:\windows\SYSTEM32\profapi.dll
0x00007ffb4cbb0000 - 0x00007ffb4cbca000 	C:\Program Files\Android\Android Studio\jre\bin\net.dll
0x00007ffb49280000 - 0x00007ffb4938a000 	C:\windows\SYSTEM32\WINHTTP.dll
0x00007ffb54850000 - 0x00007ffb548ba000 	C:\windows\system32\mswsock.dll
0x00007ffb4cb90000 - 0x00007ffb4cba4000 	C:\Program Files\Android\Android Studio\jre\bin\nio.dll
0x00007ffb3ab80000 - 0x00007ffb3aba7000 	C:\Users\User\.gradle\native\e1d6ef7f7dcc3fd88c89a11ec53ec762bb8ba0a96d01ffa2cd45eb1d1d8dd5c5\windows-amd64\native-platform.dll
0x00007ffb1bed0000 - 0x00007ffb1c014000 	C:\Users\User\.gradle\native\0d407fdbe67a94daf76414ababcb853783967236a71b16ec16e742cd7a986fd3\windows-amd64\native-platform-file-events.dll
0x00007ffb50440000 - 0x00007ffb5044a000 	C:\Program Files\Android\Android Studio\jre\bin\management.dll
0x00007ffb4df30000 - 0x00007ffb4df3d000 	C:\Program Files\Android\Android Studio\jre\bin\management_ext.dll
0x00007ffb54a00000 - 0x00007ffb54a18000 	C:\windows\SYSTEM32\CRYPTSP.dll
0x00007ffb54180000 - 0x00007ffb541b4000 	C:\windows\system32\rsaenh.dll
0x00007ffb55090000 - 0x00007ffb550be000 	C:\windows\SYSTEM32\USERENV.dll
0x00007ffb54a20000 - 0x00007ffb54a2c000 	C:\windows\SYSTEM32\CRYPTBASE.dll
0x00007ffb54540000 - 0x00007ffb5457b000 	C:\windows\SYSTEM32\IPHLPAPI.DLL
0x00007ffb56850000 - 0x00007ffb56858000 	C:\windows\System32\NSI.dll
0x00007ffb44bd0000 - 0x00007ffb44be7000 	C:\windows\SYSTEM32\dhcpcsvc6.DLL
0x00007ffb4b120000 - 0x00007ffb4b13d000 	C:\windows\SYSTEM32\dhcpcsvc.DLL
0x00007ffb54580000 - 0x00007ffb5464b000 	C:\windows\SYSTEM32\DNSAPI.dll
0x00007ffb3f020000 - 0x00007ffb3f047000 	C:\Program Files\Android\Android Studio\jre\bin\sunec.dll
0x000000006e410000 - 0x000000006e436000 	C:\Program Files\Bonjour\mdnsNSP.dll
0x00007ffb4d520000 - 0x00007ffb4d52a000 	C:\Windows\System32\rasadhlp.dll
0x00007ffb44050000 - 0x00007ffb440d0000 	C:\windows\System32\fwpuclnt.dll

dbghelp: loaded successfully - version: 4.0.5 - missing functions: none
symbol engine: initialized successfully - sym options: 0x614 - pdb path: .;C:\Program Files\Android\Android Studio\jre\bin;C:\windows\SYSTEM32;C:\windows\WinSxS\amd64_microsoft.windows.common-controls_6595b64144ccf1df_6.0.19041.3636_none_60b6a03d71f818d5;C:\Program Files\Android\Android Studio\jre\bin\server;C:\Users\User\.gradle\native\e1d6ef7f7dcc3fd88c89a11ec53ec762bb8ba0a96d01ffa2cd45eb1d1d8dd5c5\windows-amd64;C:\Users\User\.gradle\native\0d407fdbe67a94daf76414ababcb853783967236a71b16ec16e742cd7a986fd3\windows-amd64;C:\Program Files\Bonjour

VM Arguments:
jvm_args: --add-opens=java.base/java.util=ALL-UNNAMED --add-opens=java.base/java.lang=ALL-UNNAMED --add-opens=java.base/java.lang.invoke=ALL-UNNAMED --add-opens=java.base/java.util=ALL-UNNAMED --add-opens=java.prefs/java.util.prefs=ALL-UNNAMED --add-opens=java.prefs/java.util.prefs=ALL-UNNAMED --add-opens=java.base/java.nio.charset=ALL-UNNAMED --add-opens=java.base/java.net=ALL-UNNAMED --add-opens=java.base/java.util.concurrent.atomic=ALL-UNNAMED -Xmx2048m -Dfile.encoding=UTF-8 -Duser.country=AU -Duser.language=en -Duser.variant 
java_command: org.gradle.launcher.daemon.bootstrap.GradleDaemon 7.4
java_class_path (initial): C:\Users\User\.gradle\wrapper\dists\gradle-7.4-bin\c0gwcg53nkjbqw7r0h0umtfvt\gradle-7.4\lib\gradle-launcher-7.4.jar
Launcher Type: SUN_STANDARD

[Global flags]
     intx CICompilerCount                          = 3                                         {product} {ergonomic}
     uint ConcGCThreads                            = 1                                         {product} {ergonomic}
     uint G1ConcRefinementThreads                  = 4                                         {product} {ergonomic}
   size_t G1HeapRegionSize                         = 1048576                                   {product} {ergonomic}
    uintx GCDrainStackTargetSize                   = 64                                        {product} {ergonomic}
   size_t InitialHeapSize                          = 134217728                                 {product} {ergonomic}
   size_t MarkStackSize                            = 4194304                                   {product} {ergonomic}
   size_t MaxHeapSize                              = 2147483648                                {product} {command line}
   size_t MaxNewSize                               = 1287651328                                {product} {ergonomic}
   size_t MinHeapDeltaBytes                        = 1048576                                   {product} {ergonomic}
    uintx NonNMethodCodeHeapSize                   = 5830732                                {pd product} {ergonomic}
    uintx NonProfiledCodeHeapSize                  = 122913754                              {pd product} {ergonomic}
    uintx ProfiledCodeHeapSize                     = 122913754                              {pd product} {ergonomic}
    uintx ReservedCodeCacheSize                    = 251658240                              {pd product} {ergonomic}
     bool SegmentedCodeCache                       = true                                      {product} {ergonomic}
     bool UseCompressedClassPointers               = true                                 {lp64_product} {ergonomic}
     bool UseCompressedOops                        = true                                 {lp64_product} {ergonomic}
     bool UseG1GC                                  = true                                      {product} {ergonomic}
     bool UseLargePagesIndividualAllocation        = false                                  {pd product} {ergonomic}

Logging:
Log output configuration:
 #0: stdout all=warning uptime,level,tags
 #1: stderr all=off uptime,level,tags

Environment Variables:
JAVA_HOME=C:\Program Files\Java\jdk-17.0.2
PATH=C:\Program Files\Common Files\Oracle\Java\javapath;C:\windows\system32;C:\windows;C:\windows\System32\Wbem;C:\windows\System32\WindowsPowerShell\v1.0\;C:\windows\System32\OpenSSH\;C:\Program Files\Microsoft VS Code\bin;C:\x86_64-8.1.0-release-posix-seh-rt_v6-rev0\mingw64\bin;C:\ProgramData\chocolatey\bin;C:\Program Files\Git\bin;C:\Program Files\Git\cmd;C:\Program Files\Microsoft SQL Server\150\Tools\Binn\;C:\Program Files (x86)\Windows Kits\8.1\Windows Performance Toolkit\;C:\Program Files\nodejs\;C:\Users\User\AppData\Local\Programs\Python\Python310\Scripts\;C:\Users\User\AppData\Local\Programs\Python\Python310\;C:\Users\User\AppData\Local\Microsoft\WindowsApps;C:\Program Files\JetBrains\PyCharm Community Edition 2022.1.1\bin;C:\Program Files\JetBrains\IntelliJ IDEA Community Edition 2022.1.1\bin;C:\Tools\gradle-7.6\bin;C:\Users\User\AppData\Roaming\npm
USERNAME=User
OS=Windows_NT
PROCESSOR_IDENTIFIER=Intel64 Family 6 Model 78 Stepping 3, GenuineIntel



---------------  S Y S T E M  ---------------

OS: Windows 10 , 64 bit Build 19041 (10.0.19041.3636)
OS uptime: 1 days 23:13 hours
Hyper-V role detected

CPU:total 4 (initial active 4) (2 cores per cpu, 2 threads per core) family 6 model 78 stepping 3 microcode 0xf0, cmov, cx8, fxsr, mmx, sse, sse2, sse3, ssse3, sse4.1, sse4.2, popcnt, avx, avx2, aes, clmul, erms, 3dnowpref, lzcnt, ht, tsc, tscinvbit, bmi1, bmi2, adx, fma

Memory: 4k page, system-wide physical 8083M (481M free)
TotalPageFile size 14039M (AvailPageFile size 1M)
current process WorkingSet (physical memory assigned to process): 557M, peak: 557M
current process commit charge ("private bytes"): 693M, peak: 697M

vm_info: OpenJDK 64-Bit Server VM (11.0.13+0-b1751.21-8125866) for windows-amd64 JRE (11.0.13+0-b1751.21-8125866), built on Feb  2 2022 03:00:22 by "builder" with MS VC++ 14.0 (VS2015)

END.
